[0.091s] DEBUG:colcon:Command line arguments: ['/usr/bin/colcon', 'build']
[0.091s] DEBUG:colcon:Parsed command line arguments: Namespace(log_base=None, log_level=None, verb_name='build', build_base='build', install_base='install', merge_install=False, symlink_install=False, test_result_base=None, continue_on_error=False, executor='parallel', parallel_workers=4, event_handlers=None, ignore_user_meta=False, metas=['./colcon.meta'], base_paths=['.'], packages_ignore=None, packages_ignore_regex=None, paths=None, packages_up_to=None, packages_up_to_regex=None, packages_above=None, packages_above_and_dependencies=None, packages_above_depth=None, packages_select_by_dep=None, packages_skip_by_dep=None, packages_skip_up_to=None, packages_select_build_failed=False, packages_skip_build_finished=False, packages_select_test_failures=False, packages_skip_test_passed=False, packages_select=None, packages_skip=None, packages_select_regex=None, packages_skip_regex=None, packages_start=None, packages_end=None, allow_overriding=[], cmake_args=None, cmake_target=None, cmake_target_skip_unavailable=False, cmake_clean_cache=False, cmake_clean_first=False, cmake_force_configure=False, ament_cmake_args=None, catkin_cmake_args=None, catkin_skip_building_tests=False, mixin_files=None, mixin=None, verb_parser=<colcon_mixin.mixin.mixin_argument.MixinArgumentDecorator object at 0x700cc55ae450>, verb_extension=<colcon_core.verb.build.BuildVerb object at 0x700cc5549820>, main=<bound method BuildVerb.main of <colcon_core.verb.build.BuildVerb object at 0x700cc5549820>>, mixin_verb=('build',))
[0.125s] Level 1:colcon.colcon_core.package_discovery:discover_packages(colcon_meta) check parameters
[0.125s] Level 1:colcon.colcon_core.package_discovery:discover_packages(recursive) check parameters
[0.125s] Level 1:colcon.colcon_core.package_discovery:discover_packages(ignore) check parameters
[0.125s] Level 1:colcon.colcon_core.package_discovery:discover_packages(path) check parameters
[0.125s] Level 1:colcon.colcon_core.package_discovery:discover_packages(colcon_meta) discover
[0.125s] Level 1:colcon.colcon_core.package_discovery:discover_packages(recursive) discover
[0.125s] INFO:colcon.colcon_core.package_discovery:Crawling recursively for packages in '/home/pim0ubuntu/myrobot_ws'
[0.125s] Level 1:colcon.colcon_core.package_identification:_identify(.) by extensions ['ignore', 'ignore_ament_install']
[0.125s] Level 1:colcon.colcon_core.package_identification:_identify(.) by extension 'ignore'
[0.125s] Level 1:colcon.colcon_core.package_identification:_identify(.) by extension 'ignore_ament_install'
[0.125s] Level 1:colcon.colcon_core.package_identification:_identify(.) by extensions ['colcon_pkg']
[0.125s] Level 1:colcon.colcon_core.package_identification:_identify(.) by extension 'colcon_pkg'
[0.125s] Level 1:colcon.colcon_core.package_identification:_identify(.) by extensions ['colcon_meta']
[0.125s] Level 1:colcon.colcon_core.package_identification:_identify(.) by extension 'colcon_meta'
[0.125s] Level 1:colcon.colcon_core.package_identification:_identify(.) by extensions ['ros']
[0.126s] Level 1:colcon.colcon_core.package_identification:_identify(.) by extension 'ros'
[0.147s] Level 1:colcon.colcon_core.package_identification:_identify(.) by extensions ['cmake', 'python']
[0.148s] Level 1:colcon.colcon_core.package_identification:_identify(.) by extension 'cmake'
[0.148s] Level 1:colcon.colcon_core.package_identification:_identify(.) by extension 'python'
[0.148s] Level 1:colcon.colcon_core.package_identification:_identify(.) by extensions ['python_setup_py']
[0.148s] Level 1:colcon.colcon_core.package_identification:_identify(.) by extension 'python_setup_py'
[0.148s] Level 1:colcon.colcon_core.package_identification:_identify(build) by extensions ['ignore', 'ignore_ament_install']
[0.148s] Level 1:colcon.colcon_core.package_identification:_identify(build) by extension 'ignore'
[0.148s] Level 1:colcon.colcon_core.package_identification:_identify(build) ignored
[0.148s] Level 1:colcon.colcon_core.package_identification:_identify(install) by extensions ['ignore', 'ignore_ament_install']
[0.148s] Level 1:colcon.colcon_core.package_identification:_identify(install) by extension 'ignore'
[0.148s] Level 1:colcon.colcon_core.package_identification:_identify(install) ignored
[0.148s] Level 1:colcon.colcon_core.package_identification:_identify(log) by extensions ['ignore', 'ignore_ament_install']
[0.148s] Level 1:colcon.colcon_core.package_identification:_identify(log) by extension 'ignore'
[0.148s] Level 1:colcon.colcon_core.package_identification:_identify(log) ignored
[0.148s] Level 1:colcon.colcon_core.package_identification:_identify(src) by extensions ['ignore', 'ignore_ament_install']
[0.149s] Level 1:colcon.colcon_core.package_identification:_identify(src) by extension 'ignore'
[0.149s] Level 1:colcon.colcon_core.package_identification:_identify(src) by extension 'ignore_ament_install'
[0.149s] Level 1:colcon.colcon_core.package_identification:_identify(src) by extensions ['colcon_pkg']
[0.149s] Level 1:colcon.colcon_core.package_identification:_identify(src) by extension 'colcon_pkg'
[0.149s] Level 1:colcon.colcon_core.package_identification:_identify(src) by extensions ['colcon_meta']
[0.149s] Level 1:colcon.colcon_core.package_identification:_identify(src) by extension 'colcon_meta'
[0.149s] Level 1:colcon.colcon_core.package_identification:_identify(src) by extensions ['ros']
[0.149s] Level 1:colcon.colcon_core.package_identification:_identify(src) by extension 'ros'
[0.149s] Level 1:colcon.colcon_core.package_identification:_identify(src) by extensions ['cmake', 'python']
[0.149s] Level 1:colcon.colcon_core.package_identification:_identify(src) by extension 'cmake'
[0.149s] Level 1:colcon.colcon_core.package_identification:_identify(src) by extension 'python'
[0.149s] Level 1:colcon.colcon_core.package_identification:_identify(src) by extensions ['python_setup_py']
[0.149s] Level 1:colcon.colcon_core.package_identification:_identify(src) by extension 'python_setup_py'
[0.149s] Level 1:colcon.colcon_core.package_identification:_identify(src/build) by extensions ['ignore', 'ignore_ament_install']
[0.149s] Level 1:colcon.colcon_core.package_identification:_identify(src/build) by extension 'ignore'
[0.149s] Level 1:colcon.colcon_core.package_identification:_identify(src/build) ignored
[0.149s] Level 1:colcon.colcon_core.package_identification:_identify(src/install) by extensions ['ignore', 'ignore_ament_install']
[0.149s] Level 1:colcon.colcon_core.package_identification:_identify(src/install) by extension 'ignore'
[0.149s] Level 1:colcon.colcon_core.package_identification:_identify(src/install) ignored
[0.149s] Level 1:colcon.colcon_core.package_identification:_identify(src/log) by extensions ['ignore', 'ignore_ament_install']
[0.149s] Level 1:colcon.colcon_core.package_identification:_identify(src/log) by extension 'ignore'
[0.149s] Level 1:colcon.colcon_core.package_identification:_identify(src/log) ignored
[0.149s] Level 1:colcon.colcon_core.package_identification:_identify(src/myrobot) by extensions ['ignore', 'ignore_ament_install']
[0.150s] Level 1:colcon.colcon_core.package_identification:_identify(src/myrobot) by extension 'ignore'
[0.150s] Level 1:colcon.colcon_core.package_identification:_identify(src/myrobot) by extension 'ignore_ament_install'
[0.150s] Level 1:colcon.colcon_core.package_identification:_identify(src/myrobot) by extensions ['colcon_pkg']
[0.150s] Level 1:colcon.colcon_core.package_identification:_identify(src/myrobot) by extension 'colcon_pkg'
[0.150s] Level 1:colcon.colcon_core.package_identification:_identify(src/myrobot) by extensions ['colcon_meta']
[0.150s] Level 1:colcon.colcon_core.package_identification:_identify(src/myrobot) by extension 'colcon_meta'
[0.150s] Level 1:colcon.colcon_core.package_identification:_identify(src/myrobot) by extensions ['ros']
[0.150s] Level 1:colcon.colcon_core.package_identification:_identify(src/myrobot) by extension 'ros'
[0.152s] DEBUG:colcon.colcon_core.package_identification:Package 'src/myrobot' with type 'ros.ament_python' and name 'myrobot'
[0.152s] Level 1:colcon.colcon_core.package_identification:_identify(src/topic_based_ros2_control) by extensions ['ignore', 'ignore_ament_install']
[0.152s] Level 1:colcon.colcon_core.package_identification:_identify(src/topic_based_ros2_control) by extension 'ignore'
[0.152s] Level 1:colcon.colcon_core.package_identification:_identify(src/topic_based_ros2_control) by extension 'ignore_ament_install'
[0.152s] Level 1:colcon.colcon_core.package_identification:_identify(src/topic_based_ros2_control) by extensions ['colcon_pkg']
[0.152s] Level 1:colcon.colcon_core.package_identification:_identify(src/topic_based_ros2_control) by extension 'colcon_pkg'
[0.152s] Level 1:colcon.colcon_core.package_identification:_identify(src/topic_based_ros2_control) by extensions ['colcon_meta']
[0.152s] Level 1:colcon.colcon_core.package_identification:_identify(src/topic_based_ros2_control) by extension 'colcon_meta'
[0.152s] Level 1:colcon.colcon_core.package_identification:_identify(src/topic_based_ros2_control) by extensions ['ros']
[0.152s] Level 1:colcon.colcon_core.package_identification:_identify(src/topic_based_ros2_control) by extension 'ros'
[0.153s] DEBUG:colcon.colcon_core.package_identification:Package 'src/topic_based_ros2_control' with type 'ros.ament_cmake' and name 'topic_based_ros2_control'
[0.153s] Level 1:colcon.colcon_core.package_discovery:discover_packages(recursive) using defaults
[0.153s] Level 1:colcon.colcon_core.package_discovery:discover_packages(ignore) discover
[0.153s] Level 1:colcon.colcon_core.package_discovery:discover_packages(ignore) using defaults
[0.153s] Level 1:colcon.colcon_core.package_discovery:discover_packages(path) discover
[0.153s] Level 1:colcon.colcon_core.package_discovery:discover_packages(path) using defaults
[0.168s] Level 1:colcon.colcon_core.package_discovery:discover_packages(prefix_path) check parameters
[0.168s] Level 1:colcon.colcon_core.package_discovery:discover_packages(prefix_path) discover
[0.172s] DEBUG:colcon.colcon_installed_package_information.package_discovery:Found 3 installed packages in /home/pim0ubuntu/myrobot_ws/install
[0.172s] DEBUG:colcon.colcon_installed_package_information.package_discovery:Found 1 installed packages in /home/pim0ubuntu/myrobot_ws/src/install
[0.173s] DEBUG:colcon.colcon_installed_package_information.package_discovery:Found 25 installed packages in /home/pim0ubuntu/ros2_ws/install
[0.174s] DEBUG:colcon.colcon_installed_package_information.package_discovery:Found 358 installed packages in /opt/ros/jazzy
[0.176s] Level 1:colcon.colcon_core.package_discovery:discover_packages(prefix_path) using defaults
[0.217s] Level 5:colcon.colcon_core.verb:set package 'myrobot' build argument 'cmake_args' from command line to 'None'
[0.217s] Level 5:colcon.colcon_core.verb:set package 'myrobot' build argument 'cmake_target' from command line to 'None'
[0.217s] Level 5:colcon.colcon_core.verb:set package 'myrobot' build argument 'cmake_target_skip_unavailable' from command line to 'False'
[0.217s] Level 5:colcon.colcon_core.verb:set package 'myrobot' build argument 'cmake_clean_cache' from command line to 'False'
[0.217s] Level 5:colcon.colcon_core.verb:set package 'myrobot' build argument 'cmake_clean_first' from command line to 'False'
[0.217s] Level 5:colcon.colcon_core.verb:set package 'myrobot' build argument 'cmake_force_configure' from command line to 'False'
[0.217s] Level 5:colcon.colcon_core.verb:set package 'myrobot' build argument 'ament_cmake_args' from command line to 'None'
[0.217s] Level 5:colcon.colcon_core.verb:set package 'myrobot' build argument 'catkin_cmake_args' from command line to 'None'
[0.217s] Level 5:colcon.colcon_core.verb:set package 'myrobot' build argument 'catkin_skip_building_tests' from command line to 'False'
[0.217s] DEBUG:colcon.colcon_core.verb:Building package 'myrobot' with the following arguments: {'ament_cmake_args': None, 'build_base': '/home/pim0ubuntu/myrobot_ws/build/myrobot', 'catkin_cmake_args': None, 'catkin_skip_building_tests': False, 'cmake_args': None, 'cmake_clean_cache': False, 'cmake_clean_first': False, 'cmake_force_configure': False, 'cmake_target': None, 'cmake_target_skip_unavailable': False, 'install_base': '/home/pim0ubuntu/myrobot_ws/install/myrobot', 'merge_install': False, 'path': '/home/pim0ubuntu/myrobot_ws/src/myrobot', 'symlink_install': False, 'test_result_base': None}
[0.218s] Level 5:colcon.colcon_core.verb:set package 'topic_based_ros2_control' build argument 'cmake_args' from command line to 'None'
[0.218s] Level 5:colcon.colcon_core.verb:set package 'topic_based_ros2_control' build argument 'cmake_target' from command line to 'None'
[0.218s] Level 5:colcon.colcon_core.verb:set package 'topic_based_ros2_control' build argument 'cmake_target_skip_unavailable' from command line to 'False'
[0.218s] Level 5:colcon.colcon_core.verb:set package 'topic_based_ros2_control' build argument 'cmake_clean_cache' from command line to 'False'
[0.218s] Level 5:colcon.colcon_core.verb:set package 'topic_based_ros2_control' build argument 'cmake_clean_first' from command line to 'False'
[0.218s] Level 5:colcon.colcon_core.verb:set package 'topic_based_ros2_control' build argument 'cmake_force_configure' from command line to 'False'
[0.218s] Level 5:colcon.colcon_core.verb:set package 'topic_based_ros2_control' build argument 'ament_cmake_args' from command line to 'None'
[0.218s] Level 5:colcon.colcon_core.verb:set package 'topic_based_ros2_control' build argument 'catkin_cmake_args' from command line to 'None'
[0.218s] Level 5:colcon.colcon_core.verb:set package 'topic_based_ros2_control' build argument 'catkin_skip_building_tests' from command line to 'False'
[0.218s] DEBUG:colcon.colcon_core.verb:Building package 'topic_based_ros2_control' with the following arguments: {'ament_cmake_args': None, 'build_base': '/home/pim0ubuntu/myrobot_ws/build/topic_based_ros2_control', 'catkin_cmake_args': None, 'catkin_skip_building_tests': False, 'cmake_args': None, 'cmake_clean_cache': False, 'cmake_clean_first': False, 'cmake_force_configure': False, 'cmake_target': None, 'cmake_target_skip_unavailable': False, 'install_base': '/home/pim0ubuntu/myrobot_ws/install/topic_based_ros2_control', 'merge_install': False, 'path': '/home/pim0ubuntu/myrobot_ws/src/topic_based_ros2_control', 'symlink_install': False, 'test_result_base': None}
[0.218s] INFO:colcon.colcon_core.executor:Executing jobs using 'parallel' executor
[0.219s] DEBUG:colcon.colcon_parallel_executor.executor.parallel:run_until_complete
[0.219s] INFO:colcon.colcon_ros.task.ament_python.build:Building ROS package in '/home/pim0ubuntu/myrobot_ws/src/myrobot' with build type 'ament_python'
[0.219s] Level 1:colcon.colcon_core.shell:create_environment_hook('myrobot', 'ament_prefix_path')
[0.221s] INFO:colcon.colcon_core.plugin_system:Skipping extension 'colcon_core.shell.bat': Not used on non-Windows systems
[0.222s] INFO:colcon.colcon_core.shell:Creating environment hook '/home/pim0ubuntu/myrobot_ws/install/myrobot/share/myrobot/hook/ament_prefix_path.ps1'
[0.223s] INFO:colcon.colcon_core.shell:Creating environment descriptor '/home/pim0ubuntu/myrobot_ws/install/myrobot/share/myrobot/hook/ament_prefix_path.dsv'
[0.223s] INFO:colcon.colcon_core.shell:Creating environment hook '/home/pim0ubuntu/myrobot_ws/install/myrobot/share/myrobot/hook/ament_prefix_path.sh'
[0.224s] INFO:colcon.colcon_core.shell:Skip shell extension 'powershell' for command environment: Not usable outside of PowerShell
[0.224s] DEBUG:colcon.colcon_core.shell:Skip shell extension 'dsv' for command environment
[0.230s] INFO:colcon.colcon_ros.task.ament_cmake.build:Building ROS package in '/home/pim0ubuntu/myrobot_ws/src/topic_based_ros2_control' with build type 'ament_cmake'
[0.230s] INFO:colcon.colcon_cmake.task.cmake.build:Building CMake package in '/home/pim0ubuntu/myrobot_ws/src/topic_based_ros2_control'
[0.230s] INFO:colcon.colcon_core.shell:Skip shell extension 'powershell' for command environment: Not usable outside of PowerShell
[0.230s] DEBUG:colcon.colcon_core.shell:Skip shell extension 'dsv' for command environment
[0.435s] INFO:colcon.colcon_core.task.python.build:Building Python package in '/home/pim0ubuntu/myrobot_ws/src/myrobot'
[0.436s] INFO:colcon.colcon_core.shell:Skip shell extension 'powershell' for command environment: Not usable outside of PowerShell
[0.436s] DEBUG:colcon.colcon_core.shell:Skip shell extension 'dsv' for command environment
[0.444s] DEBUG:colcon.colcon_core.event_handler.log_command:Invoking command in '/home/pim0ubuntu/myrobot_ws/build/topic_based_ros2_control': CMAKE_PREFIX_PATH=${CMAKE_PREFIX_PATH}:/home/pim0ubuntu/myrobot_ws/install/myrobot:/home/pim0ubuntu/myrobot_ws/src/install/myrobot:/home/pim0ubuntu/ros2_ws/install/launch_testing_examples:/home/pim0ubuntu/ros2_ws/install/examples_rclpy_pointcloud_publisher:/home/pim0ubuntu/ros2_ws/install/examples_rclpy_minimal_subscriber:/home/pim0ubuntu/ros2_ws/install/examples_rclpy_minimal_service:/home/pim0ubuntu/ros2_ws/install/examples_rclpy_minimal_publisher:/home/pim0ubuntu/ros2_ws/install/examples_rclpy_minimal_client:/home/pim0ubuntu/ros2_ws/install/examples_rclpy_minimal_action_server:/home/pim0ubuntu/ros2_ws/install/examples_rclpy_minimal_action_client:/home/pim0ubuntu/ros2_ws/install/examples_rclpy_guard_conditions:/home/pim0ubuntu/ros2_ws/install/examples_rclpy_executors:/opt/ros/jazzy DEBUGINFOD_URLS=https://debuginfod.ubuntu.com /usr/bin/cmake --build /home/pim0ubuntu/myrobot_ws/build/topic_based_ros2_control -- -j4 -l4
[0.555s] DEBUG:colcon.colcon_core.event_handler.log_command:Invoked command in '/home/pim0ubuntu/myrobot_ws/build/topic_based_ros2_control' returned '0': CMAKE_PREFIX_PATH=${CMAKE_PREFIX_PATH}:/home/pim0ubuntu/myrobot_ws/install/myrobot:/home/pim0ubuntu/myrobot_ws/src/install/myrobot:/home/pim0ubuntu/ros2_ws/install/launch_testing_examples:/home/pim0ubuntu/ros2_ws/install/examples_rclpy_pointcloud_publisher:/home/pim0ubuntu/ros2_ws/install/examples_rclpy_minimal_subscriber:/home/pim0ubuntu/ros2_ws/install/examples_rclpy_minimal_service:/home/pim0ubuntu/ros2_ws/install/examples_rclpy_minimal_publisher:/home/pim0ubuntu/ros2_ws/install/examples_rclpy_minimal_client:/home/pim0ubuntu/ros2_ws/install/examples_rclpy_minimal_action_server:/home/pim0ubuntu/ros2_ws/install/examples_rclpy_minimal_action_client:/home/pim0ubuntu/ros2_ws/install/examples_rclpy_guard_conditions:/home/pim0ubuntu/ros2_ws/install/examples_rclpy_executors:/opt/ros/jazzy DEBUGINFOD_URLS=https://debuginfod.ubuntu.com /usr/bin/cmake --build /home/pim0ubuntu/myrobot_ws/build/topic_based_ros2_control -- -j4 -l4
[0.564s] DEBUG:colcon.colcon_core.event_handler.log_command:Invoking command in '/home/pim0ubuntu/myrobot_ws/build/topic_based_ros2_control': CMAKE_PREFIX_PATH=${CMAKE_PREFIX_PATH}:/home/pim0ubuntu/myrobot_ws/install/myrobot:/home/pim0ubuntu/myrobot_ws/src/install/myrobot:/home/pim0ubuntu/ros2_ws/install/launch_testing_examples:/home/pim0ubuntu/ros2_ws/install/examples_rclpy_pointcloud_publisher:/home/pim0ubuntu/ros2_ws/install/examples_rclpy_minimal_subscriber:/home/pim0ubuntu/ros2_ws/install/examples_rclpy_minimal_service:/home/pim0ubuntu/ros2_ws/install/examples_rclpy_minimal_publisher:/home/pim0ubuntu/ros2_ws/install/examples_rclpy_minimal_client:/home/pim0ubuntu/ros2_ws/install/examples_rclpy_minimal_action_server:/home/pim0ubuntu/ros2_ws/install/examples_rclpy_minimal_action_client:/home/pim0ubuntu/ros2_ws/install/examples_rclpy_guard_conditions:/home/pim0ubuntu/ros2_ws/install/examples_rclpy_executors:/opt/ros/jazzy DEBUGINFOD_URLS=https://debuginfod.ubuntu.com /usr/bin/cmake --install /home/pim0ubuntu/myrobot_ws/build/topic_based_ros2_control
[0.577s] Level 1:colcon.colcon_core.environment:create_environment_scripts_only(topic_based_ros2_control)
[0.579s] Level 1:colcon.colcon_core.environment:checking '/home/pim0ubuntu/myrobot_ws/install/topic_based_ros2_control' for CMake module files
[0.579s] DEBUG:colcon.colcon_core.event_handler.log_command:Invoked command in '/home/pim0ubuntu/myrobot_ws/build/topic_based_ros2_control' returned '0': CMAKE_PREFIX_PATH=${CMAKE_PREFIX_PATH}:/home/pim0ubuntu/myrobot_ws/install/myrobot:/home/pim0ubuntu/myrobot_ws/src/install/myrobot:/home/pim0ubuntu/ros2_ws/install/launch_testing_examples:/home/pim0ubuntu/ros2_ws/install/examples_rclpy_pointcloud_publisher:/home/pim0ubuntu/ros2_ws/install/examples_rclpy_minimal_subscriber:/home/pim0ubuntu/ros2_ws/install/examples_rclpy_minimal_service:/home/pim0ubuntu/ros2_ws/install/examples_rclpy_minimal_publisher:/home/pim0ubuntu/ros2_ws/install/examples_rclpy_minimal_client:/home/pim0ubuntu/ros2_ws/install/examples_rclpy_minimal_action_server:/home/pim0ubuntu/ros2_ws/install/examples_rclpy_minimal_action_client:/home/pim0ubuntu/ros2_ws/install/examples_rclpy_guard_conditions:/home/pim0ubuntu/ros2_ws/install/examples_rclpy_executors:/opt/ros/jazzy DEBUGINFOD_URLS=https://debuginfod.ubuntu.com /usr/bin/cmake --install /home/pim0ubuntu/myrobot_ws/build/topic_based_ros2_control
[0.579s] Level 1:colcon.colcon_core.environment:checking '/home/pim0ubuntu/myrobot_ws/install/topic_based_ros2_control' for CMake config files
[0.580s] Level 1:colcon.colcon_core.shell:create_environment_hook('topic_based_ros2_control', 'cmake_prefix_path')
[0.580s] INFO:colcon.colcon_core.shell:Creating environment hook '/home/pim0ubuntu/myrobot_ws/install/topic_based_ros2_control/share/topic_based_ros2_control/hook/cmake_prefix_path.ps1'
[0.580s] INFO:colcon.colcon_core.shell:Creating environment descriptor '/home/pim0ubuntu/myrobot_ws/install/topic_based_ros2_control/share/topic_based_ros2_control/hook/cmake_prefix_path.dsv'
[0.581s] INFO:colcon.colcon_core.shell:Creating environment hook '/home/pim0ubuntu/myrobot_ws/install/topic_based_ros2_control/share/topic_based_ros2_control/hook/cmake_prefix_path.sh'
[0.581s] Level 1:colcon.colcon_core.environment:checking '/home/pim0ubuntu/myrobot_ws/install/topic_based_ros2_control/lib'
[0.581s] Level 1:colcon.colcon_core.shell:create_environment_hook('topic_based_ros2_control', 'ld_library_path_lib')
[0.582s] INFO:colcon.colcon_core.shell:Creating environment hook '/home/pim0ubuntu/myrobot_ws/install/topic_based_ros2_control/share/topic_based_ros2_control/hook/ld_library_path_lib.ps1'
[0.582s] INFO:colcon.colcon_core.shell:Creating environment descriptor '/home/pim0ubuntu/myrobot_ws/install/topic_based_ros2_control/share/topic_based_ros2_control/hook/ld_library_path_lib.dsv'
[0.582s] INFO:colcon.colcon_core.shell:Creating environment hook '/home/pim0ubuntu/myrobot_ws/install/topic_based_ros2_control/share/topic_based_ros2_control/hook/ld_library_path_lib.sh'
[0.583s] Level 1:colcon.colcon_core.environment:checking '/home/pim0ubuntu/myrobot_ws/install/topic_based_ros2_control/bin'
[0.583s] Level 1:colcon.colcon_core.environment:checking '/home/pim0ubuntu/myrobot_ws/install/topic_based_ros2_control/lib/pkgconfig/topic_based_ros2_control.pc'
[0.583s] Level 1:colcon.colcon_core.environment:checking '/home/pim0ubuntu/myrobot_ws/install/topic_based_ros2_control/lib/python3.12/site-packages'
[0.583s] Level 1:colcon.colcon_core.environment:checking '/home/pim0ubuntu/myrobot_ws/install/topic_based_ros2_control/bin'
[0.583s] INFO:colcon.colcon_core.shell:Creating package script '/home/pim0ubuntu/myrobot_ws/install/topic_based_ros2_control/share/topic_based_ros2_control/package.ps1'
[0.584s] INFO:colcon.colcon_core.shell:Creating package descriptor '/home/pim0ubuntu/myrobot_ws/install/topic_based_ros2_control/share/topic_based_ros2_control/package.dsv'
[0.585s] INFO:colcon.colcon_core.shell:Creating package script '/home/pim0ubuntu/myrobot_ws/install/topic_based_ros2_control/share/topic_based_ros2_control/package.sh'
[0.585s] INFO:colcon.colcon_core.shell:Creating package script '/home/pim0ubuntu/myrobot_ws/install/topic_based_ros2_control/share/topic_based_ros2_control/package.bash'
[0.586s] INFO:colcon.colcon_core.shell:Creating package script '/home/pim0ubuntu/myrobot_ws/install/topic_based_ros2_control/share/topic_based_ros2_control/package.zsh'
[0.586s] Level 1:colcon.colcon_core.environment:create_file_with_runtime_dependencies(/home/pim0ubuntu/myrobot_ws/install/topic_based_ros2_control/share/colcon-core/packages/topic_based_ros2_control)
[0.587s] Level 1:colcon.colcon_core.environment:create_environment_scripts_only(topic_based_ros2_control)
[0.587s] Level 1:colcon.colcon_core.environment:checking '/home/pim0ubuntu/myrobot_ws/install/topic_based_ros2_control' for CMake module files
[0.587s] Level 1:colcon.colcon_core.environment:checking '/home/pim0ubuntu/myrobot_ws/install/topic_based_ros2_control' for CMake config files
[0.588s] Level 1:colcon.colcon_core.shell:create_environment_hook('topic_based_ros2_control', 'cmake_prefix_path')
[0.588s] INFO:colcon.colcon_core.shell:Creating environment hook '/home/pim0ubuntu/myrobot_ws/install/topic_based_ros2_control/share/topic_based_ros2_control/hook/cmake_prefix_path.ps1'
[0.588s] INFO:colcon.colcon_core.shell:Creating environment descriptor '/home/pim0ubuntu/myrobot_ws/install/topic_based_ros2_control/share/topic_based_ros2_control/hook/cmake_prefix_path.dsv'
[0.588s] INFO:colcon.colcon_core.shell:Creating environment hook '/home/pim0ubuntu/myrobot_ws/install/topic_based_ros2_control/share/topic_based_ros2_control/hook/cmake_prefix_path.sh'
[0.589s] Level 1:colcon.colcon_core.environment:checking '/home/pim0ubuntu/myrobot_ws/install/topic_based_ros2_control/lib'
[0.589s] Level 1:colcon.colcon_core.shell:create_environment_hook('topic_based_ros2_control', 'ld_library_path_lib')
[0.589s] INFO:colcon.colcon_core.shell:Creating environment hook '/home/pim0ubuntu/myrobot_ws/install/topic_based_ros2_control/share/topic_based_ros2_control/hook/ld_library_path_lib.ps1'
[0.589s] INFO:colcon.colcon_core.shell:Creating environment descriptor '/home/pim0ubuntu/myrobot_ws/install/topic_based_ros2_control/share/topic_based_ros2_control/hook/ld_library_path_lib.dsv'
[0.590s] INFO:colcon.colcon_core.shell:Creating environment hook '/home/pim0ubuntu/myrobot_ws/install/topic_based_ros2_control/share/topic_based_ros2_control/hook/ld_library_path_lib.sh'
[0.590s] Level 1:colcon.colcon_core.environment:checking '/home/pim0ubuntu/myrobot_ws/install/topic_based_ros2_control/bin'
[0.590s] Level 1:colcon.colcon_core.environment:checking '/home/pim0ubuntu/myrobot_ws/install/topic_based_ros2_control/lib/pkgconfig/topic_based_ros2_control.pc'
[0.591s] Level 1:colcon.colcon_core.environment:checking '/home/pim0ubuntu/myrobot_ws/install/topic_based_ros2_control/lib/python3.12/site-packages'
[0.591s] Level 1:colcon.colcon_core.environment:checking '/home/pim0ubuntu/myrobot_ws/install/topic_based_ros2_control/bin'
[0.591s] INFO:colcon.colcon_core.shell:Creating package script '/home/pim0ubuntu/myrobot_ws/install/topic_based_ros2_control/share/topic_based_ros2_control/package.ps1'
[0.592s] INFO:colcon.colcon_core.shell:Creating package descriptor '/home/pim0ubuntu/myrobot_ws/install/topic_based_ros2_control/share/topic_based_ros2_control/package.dsv'
[0.592s] INFO:colcon.colcon_core.shell:Creating package script '/home/pim0ubuntu/myrobot_ws/install/topic_based_ros2_control/share/topic_based_ros2_control/package.sh'
[0.592s] INFO:colcon.colcon_core.shell:Creating package script '/home/pim0ubuntu/myrobot_ws/install/topic_based_ros2_control/share/topic_based_ros2_control/package.bash'
[0.593s] INFO:colcon.colcon_core.shell:Creating package script '/home/pim0ubuntu/myrobot_ws/install/topic_based_ros2_control/share/topic_based_ros2_control/package.zsh'
[0.593s] Level 1:colcon.colcon_core.environment:create_file_with_runtime_dependencies(/home/pim0ubuntu/myrobot_ws/install/topic_based_ros2_control/share/colcon-core/packages/topic_based_ros2_control)
[1.012s] DEBUG:colcon.colcon_core.event_handler.log_command:Invoking command in '/home/pim0ubuntu/myrobot_ws/src/myrobot': DEBUGINFOD_URLS=https://debuginfod.ubuntu.com PYTHONPATH=/home/pim0ubuntu/myrobot_ws/build/myrobot/prefix_override:/usr/lib/python3/dist-packages/colcon_core/task/python/colcon_distutils_commands:/home/pim0ubuntu/myrobot_ws/install/myrobot/lib/python3.12/site-packages:${PYTHONPATH} /usr/bin/python3 -W ignore:setup.py install is deprecated -W ignore:easy_install command is deprecated setup.py egg_info --egg-base ../../build/myrobot build --build-base /home/pim0ubuntu/myrobot_ws/build/myrobot/build install --record /home/pim0ubuntu/myrobot_ws/build/myrobot/install.log --single-version-externally-managed install_data
[1.483s] Level 1:colcon.colcon_core.environment:checking '/home/pim0ubuntu/myrobot_ws/install/myrobot' for CMake module files
[1.483s] DEBUG:colcon.colcon_core.event_handler.log_command:Invoked command in '/home/pim0ubuntu/myrobot_ws/src/myrobot' returned '0': DEBUGINFOD_URLS=https://debuginfod.ubuntu.com PYTHONPATH=/home/pim0ubuntu/myrobot_ws/build/myrobot/prefix_override:/usr/lib/python3/dist-packages/colcon_core/task/python/colcon_distutils_commands:/home/pim0ubuntu/myrobot_ws/install/myrobot/lib/python3.12/site-packages:${PYTHONPATH} /usr/bin/python3 -W ignore:setup.py install is deprecated -W ignore:easy_install command is deprecated setup.py egg_info --egg-base ../../build/myrobot build --build-base /home/pim0ubuntu/myrobot_ws/build/myrobot/build install --record /home/pim0ubuntu/myrobot_ws/build/myrobot/install.log --single-version-externally-managed install_data
[1.484s] Level 1:colcon.colcon_core.environment:checking '/home/pim0ubuntu/myrobot_ws/install/myrobot' for CMake config files
[1.484s] Level 1:colcon.colcon_core.environment:checking '/home/pim0ubuntu/myrobot_ws/install/myrobot/lib'
[1.484s] Level 1:colcon.colcon_core.environment:checking '/home/pim0ubuntu/myrobot_ws/install/myrobot/bin'
[1.484s] Level 1:colcon.colcon_core.environment:checking '/home/pim0ubuntu/myrobot_ws/install/myrobot/lib/pkgconfig/myrobot.pc'
[1.484s] Level 1:colcon.colcon_core.environment:checking '/home/pim0ubuntu/myrobot_ws/install/myrobot/lib/python3.12/site-packages'
[1.485s] Level 1:colcon.colcon_core.shell:create_environment_hook('myrobot', 'pythonpath')
[1.485s] INFO:colcon.colcon_core.shell:Creating environment hook '/home/pim0ubuntu/myrobot_ws/install/myrobot/share/myrobot/hook/pythonpath.ps1'
[1.486s] INFO:colcon.colcon_core.shell:Creating environment descriptor '/home/pim0ubuntu/myrobot_ws/install/myrobot/share/myrobot/hook/pythonpath.dsv'
[1.486s] INFO:colcon.colcon_core.shell:Creating environment hook '/home/pim0ubuntu/myrobot_ws/install/myrobot/share/myrobot/hook/pythonpath.sh'
[1.486s] Level 1:colcon.colcon_core.environment:checking '/home/pim0ubuntu/myrobot_ws/install/myrobot/bin'
[1.486s] Level 1:colcon.colcon_core.environment:create_environment_scripts_only(myrobot)
[1.487s] INFO:colcon.colcon_core.shell:Creating package script '/home/pim0ubuntu/myrobot_ws/install/myrobot/share/myrobot/package.ps1'
[1.487s] INFO:colcon.colcon_core.shell:Creating package descriptor '/home/pim0ubuntu/myrobot_ws/install/myrobot/share/myrobot/package.dsv'
[1.487s] INFO:colcon.colcon_core.shell:Creating package script '/home/pim0ubuntu/myrobot_ws/install/myrobot/share/myrobot/package.sh'
[1.488s] INFO:colcon.colcon_core.shell:Creating package script '/home/pim0ubuntu/myrobot_ws/install/myrobot/share/myrobot/package.bash'
[1.488s] INFO:colcon.colcon_core.shell:Creating package script '/home/pim0ubuntu/myrobot_ws/install/myrobot/share/myrobot/package.zsh'
[1.488s] Level 1:colcon.colcon_core.environment:create_file_with_runtime_dependencies(/home/pim0ubuntu/myrobot_ws/install/myrobot/share/colcon-core/packages/myrobot)
[1.489s] DEBUG:colcon.colcon_parallel_executor.executor.parallel:closing loop
[1.489s] DEBUG:colcon.colcon_parallel_executor.executor.parallel:loop closed
[1.489s] DEBUG:colcon.colcon_parallel_executor.executor.parallel:run_until_complete finished with '0'
[1.489s] DEBUG:colcon.colcon_core.event_reactor:joining thread
[1.499s] INFO:colcon.colcon_core.plugin_system:Skipping extension 'colcon_notification.desktop_notification.terminal_notifier': Not used on non-Darwin systems
[1.500s] INFO:colcon.colcon_core.plugin_system:Skipping extension 'colcon_notification.desktop_notification.win32': Not used on non-Windows systems
[1.500s] INFO:colcon.colcon_notification.desktop_notification:Sending desktop notification using 'notify2'
[1.518s] DEBUG:colcon.colcon_core.event_reactor:joined thread
[1.519s] INFO:colcon.colcon_core.shell:Creating prefix script '/home/pim0ubuntu/myrobot_ws/install/local_setup.ps1'
[1.520s] INFO:colcon.colcon_core.shell:Creating prefix util module '/home/pim0ubuntu/myrobot_ws/install/_local_setup_util_ps1.py'
[1.521s] INFO:colcon.colcon_core.shell:Creating prefix chain script '/home/pim0ubuntu/myrobot_ws/install/setup.ps1'
[1.523s] INFO:colcon.colcon_core.shell:Creating prefix script '/home/pim0ubuntu/myrobot_ws/install/local_setup.sh'
[1.523s] INFO:colcon.colcon_core.shell:Creating prefix util module '/home/pim0ubuntu/myrobot_ws/install/_local_setup_util_sh.py'
[1.524s] INFO:colcon.colcon_core.shell:Creating prefix chain script '/home/pim0ubuntu/myrobot_ws/install/setup.sh'
[1.525s] INFO:colcon.colcon_core.shell:Creating prefix script '/home/pim0ubuntu/myrobot_ws/install/local_setup.bash'
[1.525s] INFO:colcon.colcon_core.shell:Creating prefix chain script '/home/pim0ubuntu/myrobot_ws/install/setup.bash'
[1.527s] INFO:colcon.colcon_core.shell:Creating prefix script '/home/pim0ubuntu/myrobot_ws/install/local_setup.zsh'
[1.528s] INFO:colcon.colcon_core.shell:Creating prefix chain script '/home/pim0ubuntu/myrobot_ws/install/setup.zsh'
