running egg_info
writing ../../build/myrobot/myrobot.egg-info/PKG-INFO
writing dependency_links to ../../build/myrobot/myrobot.egg-info/dependency_links.txt
writing entry points to ../../build/myrobot/myrobot.egg-info/entry_points.txt
writing requirements to ../../build/myrobot/myrobot.egg-info/requires.txt
writing top-level names to ../../build/myrobot/myrobot.egg-info/top_level.txt
reading manifest file '../../build/myrobot/myrobot.egg-info/SOURCES.txt'
writing manifest file '../../build/myrobot/myrobot.egg-info/SOURCES.txt'
running build
running build_py
running install
running install_lib
running install_data
copying launch/display.launch.py -> /home/pim0ubuntu/myrobot_ws/install/myrobot/share/myrobot/launch
copying urdf/robot.urdf.xacro -> /home/pim0ubuntu/myrobot_ws/install/myrobot/share/myrobot/urdf
running install_egg_info
removing '/home/pim0ubuntu/myrobot_ws/install/myrobot/lib/python3.12/site-packages/myrobot-0.0.0-py3.12.egg-info' (and everything under it)
Copying ../../build/myrobot/myrobot.egg-info to /home/pim0ubuntu/myrobot_ws/install/myrobot/lib/python3.12/site-packages/myrobot-0.0.0-py3.12.egg-info
running install_scripts
Installing state_publisher script to /home/pim0ubuntu/myrobot_ws/install/myrobot/lib/myrobot
writing list of installed files to '/home/pim0ubuntu/myrobot_ws/build/myrobot/install.log'
