[0.019s] Invoking command in '/home/pim0ubuntu/myrobot_ws/build/feetech_ros2_driver': CMAKE_PREFIX_PATH=${CMAKE_PREFIX_PATH}:/home/pim0ubuntu/myrobot_ws/install/myrobot:/home/pim0ubuntu/myrobot_ws/src/install/myrobot:/home/pim0ubuntu/ros2_ws/install/launch_testing_examples:/home/pim0ubuntu/ros2_ws/install/examples_rclpy_pointcloud_publisher:/home/pim0ubuntu/ros2_ws/install/examples_rclpy_minimal_subscriber:/home/pim0ubuntu/ros2_ws/install/examples_rclpy_minimal_service:/home/pim0ubuntu/ros2_ws/install/examples_rclpy_minimal_publisher:/home/pim0ubuntu/ros2_ws/install/examples_rclpy_minimal_client:/home/pim0ubuntu/ros2_ws/install/examples_rclpy_minimal_action_server:/home/pim0ubuntu/ros2_ws/install/examples_rclpy_minimal_action_client:/home/pim0ubuntu/ros2_ws/install/examples_rclpy_guard_conditions:/home/pim0ubuntu/ros2_ws/install/examples_rclpy_executors:/opt/ros/jazzy DEBUGINFOD_URLS=https://debuginfod.ubuntu.com /usr/bin/cmake --build /home/pim0ubuntu/myrobot_ws/build/feetech_ros2_driver -- -j4 -l4
[0.081s] [ 33%] Built target ament_generate_version_header__feetech_ros2_driver
[0.081s] [ 33%] Built target serial_port
[0.108s] [ 55%] Built target communication_protocol
[0.139s] [ 77%] Built target demo
[0.140s] [100%] Built target feetech_ros2_driver
[0.249s] Invoked command in '/home/pim0ubuntu/myrobot_ws/build/feetech_ros2_driver' returned '0': CMAKE_PREFIX_PATH=${CMAKE_PREFIX_PATH}:/home/pim0ubuntu/myrobot_ws/install/myrobot:/home/pim0ubuntu/myrobot_ws/src/install/myrobot:/home/pim0ubuntu/ros2_ws/install/launch_testing_examples:/home/pim0ubuntu/ros2_ws/install/examples_rclpy_pointcloud_publisher:/home/pim0ubuntu/ros2_ws/install/examples_rclpy_minimal_subscriber:/home/pim0ubuntu/ros2_ws/install/examples_rclpy_minimal_service:/home/pim0ubuntu/ros2_ws/install/examples_rclpy_minimal_publisher:/home/pim0ubuntu/ros2_ws/install/examples_rclpy_minimal_client:/home/pim0ubuntu/ros2_ws/install/examples_rclpy_minimal_action_server:/home/pim0ubuntu/ros2_ws/install/examples_rclpy_minimal_action_client:/home/pim0ubuntu/ros2_ws/install/examples_rclpy_guard_conditions:/home/pim0ubuntu/ros2_ws/install/examples_rclpy_executors:/opt/ros/jazzy DEBUGINFOD_URLS=https://debuginfod.ubuntu.com /usr/bin/cmake --build /home/pim0ubuntu/myrobot_ws/build/feetech_ros2_driver -- -j4 -l4
[0.259s] Invoking command in '/home/pim0ubuntu/myrobot_ws/build/feetech_ros2_driver': CMAKE_PREFIX_PATH=${CMAKE_PREFIX_PATH}:/home/pim0ubuntu/myrobot_ws/install/myrobot:/home/pim0ubuntu/myrobot_ws/src/install/myrobot:/home/pim0ubuntu/ros2_ws/install/launch_testing_examples:/home/pim0ubuntu/ros2_ws/install/examples_rclpy_pointcloud_publisher:/home/pim0ubuntu/ros2_ws/install/examples_rclpy_minimal_subscriber:/home/pim0ubuntu/ros2_ws/install/examples_rclpy_minimal_service:/home/pim0ubuntu/ros2_ws/install/examples_rclpy_minimal_publisher:/home/pim0ubuntu/ros2_ws/install/examples_rclpy_minimal_client:/home/pim0ubuntu/ros2_ws/install/examples_rclpy_minimal_action_server:/home/pim0ubuntu/ros2_ws/install/examples_rclpy_minimal_action_client:/home/pim0ubuntu/ros2_ws/install/examples_rclpy_guard_conditions:/home/pim0ubuntu/ros2_ws/install/examples_rclpy_executors:/opt/ros/jazzy DEBUGINFOD_URLS=https://debuginfod.ubuntu.com /usr/bin/cmake --install /home/pim0ubuntu/myrobot_ws/build/feetech_ros2_driver
[0.268s] -- Install configuration: ""
[0.269s] -- Up-to-date: /home/pim0ubuntu/myrobot_ws/install/feetech_ros2_driver/lib/libserial_port.so.0.1.0
[0.269s] -- Up-to-date: /home/pim0ubuntu/myrobot_ws/install/feetech_ros2_driver/lib/libserial_port.so.0
[0.269s] -- Up-to-date: /home/pim0ubuntu/myrobot_ws/install/feetech_ros2_driver/lib/libserial_port.so
[0.269s] -- Up-to-date: /home/pim0ubuntu/myrobot_ws/install/feetech_ros2_driver/lib/libcommunication_protocol.so.0.1.0
[0.269s] -- Up-to-date: /home/pim0ubuntu/myrobot_ws/install/feetech_ros2_driver/lib/libcommunication_protocol.so.0
[0.269s] -- Up-to-date: /home/pim0ubuntu/myrobot_ws/install/feetech_ros2_driver/lib/libcommunication_protocol.so
[0.269s] -- Up-to-date: /home/pim0ubuntu/myrobot_ws/install/feetech_ros2_driver/bin/demo
[0.269s] -- Up-to-date: /home/pim0ubuntu/myrobot_ws/install/feetech_ros2_driver/lib/cmake/feetech_driver/feetech_driver-config.cmake
[0.269s] -- Up-to-date: /home/pim0ubuntu/myrobot_ws/install/feetech_ros2_driver/lib/cmake/feetech_driver/feetech_driver-config-version.cmake
[0.270s] -- Up-to-date: /home/pim0ubuntu/myrobot_ws/install/feetech_ros2_driver/lib/cmake/feetech_driver/feetech_driver-targets.cmake
[0.270s] -- Up-to-date: /home/pim0ubuntu/myrobot_ws/install/feetech_ros2_driver/lib/cmake/feetech_driver/feetech_driver-targets-noconfig.cmake
[0.271s] -- Up-to-date: /home/pim0ubuntu/myrobot_ws/install/feetech_ros2_driver/share/feetech_ros2_driver/feetech_ros2_control_plugin_description.xml
[0.271s] -- Up-to-date: /home/pim0ubuntu/myrobot_ws/install/feetech_ros2_driver/lib/libfeetech_ros2_driver.so
[0.271s] -- Up-to-date: /home/pim0ubuntu/myrobot_ws/install/feetech_ros2_driver/include/feetech_ros2_driver
[0.271s] -- Up-to-date: /home/pim0ubuntu/myrobot_ws/install/feetech_ros2_driver/include/feetech_ros2_driver/feetech_ros2_driver
[0.271s] -- Up-to-date: /home/pim0ubuntu/myrobot_ws/install/feetech_ros2_driver/include/feetech_ros2_driver/feetech_ros2_driver/feetech_ros2_driver.hpp
[0.271s] -- Up-to-date: /home/pim0ubuntu/myrobot_ws/install/feetech_ros2_driver/share/feetech_ros2_driver/environment/library_path.sh
[0.271s] -- Up-to-date: /home/pim0ubuntu/myrobot_ws/install/feetech_ros2_driver/share/feetech_ros2_driver/environment/library_path.dsv
[0.271s] -- Up-to-date: /home/pim0ubuntu/myrobot_ws/install/feetech_ros2_driver/include/feetech_ros2_driver/feetech_ros2_driver/version.hpp
[0.271s] -- Up-to-date: /home/pim0ubuntu/myrobot_ws/install/feetech_ros2_driver/share/ament_index/resource_index/package_run_dependencies/feetech_ros2_driver
[0.271s] -- Up-to-date: /home/pim0ubuntu/myrobot_ws/install/feetech_ros2_driver/share/ament_index/resource_index/parent_prefix_path/feetech_ros2_driver
[0.271s] -- Up-to-date: /home/pim0ubuntu/myrobot_ws/install/feetech_ros2_driver/share/feetech_ros2_driver/environment/ament_prefix_path.sh
[0.271s] -- Up-to-date: /home/pim0ubuntu/myrobot_ws/install/feetech_ros2_driver/share/feetech_ros2_driver/environment/ament_prefix_path.dsv
[0.271s] -- Up-to-date: /home/pim0ubuntu/myrobot_ws/install/feetech_ros2_driver/share/feetech_ros2_driver/environment/path.sh
[0.271s] -- Up-to-date: /home/pim0ubuntu/myrobot_ws/install/feetech_ros2_driver/share/feetech_ros2_driver/environment/path.dsv
[0.271s] -- Up-to-date: /home/pim0ubuntu/myrobot_ws/install/feetech_ros2_driver/share/feetech_ros2_driver/local_setup.bash
[0.271s] -- Up-to-date: /home/pim0ubuntu/myrobot_ws/install/feetech_ros2_driver/share/feetech_ros2_driver/local_setup.sh
[0.271s] -- Up-to-date: /home/pim0ubuntu/myrobot_ws/install/feetech_ros2_driver/share/feetech_ros2_driver/local_setup.zsh
[0.272s] -- Up-to-date: /home/pim0ubuntu/myrobot_ws/install/feetech_ros2_driver/share/feetech_ros2_driver/local_setup.dsv
[0.272s] -- Installing: /home/pim0ubuntu/myrobot_ws/install/feetech_ros2_driver/share/feetech_ros2_driver/package.dsv
[0.272s] -- Up-to-date: /home/pim0ubuntu/myrobot_ws/install/feetech_ros2_driver/share/ament_index/resource_index/packages/feetech_ros2_driver
[0.272s] -- Up-to-date: /home/pim0ubuntu/myrobot_ws/install/feetech_ros2_driver/share/ament_index/resource_index/hardware_interface__pluginlib__plugin/feetech_ros2_driver
[0.272s] -- Up-to-date: /home/pim0ubuntu/myrobot_ws/install/feetech_ros2_driver/share/feetech_ros2_driver/cmake/feetech_ros2_driverTargetsExport.cmake
[0.272s] -- Up-to-date: /home/pim0ubuntu/myrobot_ws/install/feetech_ros2_driver/share/feetech_ros2_driver/cmake/feetech_ros2_driverTargetsExport-noconfig.cmake
[0.272s] -- Up-to-date: /home/pim0ubuntu/myrobot_ws/install/feetech_ros2_driver/share/feetech_ros2_driver/cmake/ament_cmake_export_targets-extras.cmake
[0.272s] -- Up-to-date: /home/pim0ubuntu/myrobot_ws/install/feetech_ros2_driver/share/feetech_ros2_driver/cmake/ament_cmake_export_dependencies-extras.cmake
[0.272s] -- Up-to-date: /home/pim0ubuntu/myrobot_ws/install/feetech_ros2_driver/share/feetech_ros2_driver/cmake/feetech_ros2_driverConfig.cmake
[0.272s] -- Up-to-date: /home/pim0ubuntu/myrobot_ws/install/feetech_ros2_driver/share/feetech_ros2_driver/cmake/feetech_ros2_driverConfig-version.cmake
[0.272s] -- Up-to-date: /home/pim0ubuntu/myrobot_ws/install/feetech_ros2_driver/share/feetech_ros2_driver/package.xml
[0.273s] Invoked command in '/home/pim0ubuntu/myrobot_ws/build/feetech_ros2_driver' returned '0': CMAKE_PREFIX_PATH=${CMAKE_PREFIX_PATH}:/home/pim0ubuntu/myrobot_ws/install/myrobot:/home/pim0ubuntu/myrobot_ws/src/install/myrobot:/home/pim0ubuntu/ros2_ws/install/launch_testing_examples:/home/pim0ubuntu/ros2_ws/install/examples_rclpy_pointcloud_publisher:/home/pim0ubuntu/ros2_ws/install/examples_rclpy_minimal_subscriber:/home/pim0ubuntu/ros2_ws/install/examples_rclpy_minimal_service:/home/pim0ubuntu/ros2_ws/install/examples_rclpy_minimal_publisher:/home/pim0ubuntu/ros2_ws/install/examples_rclpy_minimal_client:/home/pim0ubuntu/ros2_ws/install/examples_rclpy_minimal_action_server:/home/pim0ubuntu/ros2_ws/install/examples_rclpy_minimal_action_client:/home/pim0ubuntu/ros2_ws/install/examples_rclpy_guard_conditions:/home/pim0ubuntu/ros2_ws/install/examples_rclpy_executors:/opt/ros/jazzy DEBUGINFOD_URLS=https://debuginfod.ubuntu.com /usr/bin/cmake --install /home/pim0ubuntu/myrobot_ws/build/feetech_ros2_driver
