[0.699s] Invoking command in '/home/pim0ubuntu/myrobot_ws/src/myrobot': DEBUGINFOD_URLS=https://debuginfod.ubuntu.com PYTHONPATH=/home/pim0ubuntu/myrobot_ws/build/myrobot/prefix_override:/usr/lib/python3/dist-packages/colcon_core/task/python/colcon_distutils_commands:/home/pim0ubuntu/myrobot_ws/install/myrobot/lib/python3.12/site-packages:${PYTHONPATH} /usr/bin/python3 -W ignore:setup.py install is deprecated -W ignore:easy_install command is deprecated setup.py egg_info --egg-base ../../build/myrobot build --build-base /home/pim0ubuntu/myrobot_ws/build/myrobot/build install --record /home/pim0ubuntu/myrobot_ws/build/myrobot/install.log --single-version-externally-managed install_data
[0.920s] running egg_info
[0.940s] writing ../../build/myrobot/myrobot.egg-info/PKG-INFO
[0.941s] writing dependency_links to ../../build/myrobot/myrobot.egg-info/dependency_links.txt
[0.941s] writing entry points to ../../build/myrobot/myrobot.egg-info/entry_points.txt
[0.941s] writing requirements to ../../build/myrobot/myrobot.egg-info/requires.txt
[0.941s] writing top-level names to ../../build/myrobot/myrobot.egg-info/top_level.txt
[0.978s] reading manifest file '../../build/myrobot/myrobot.egg-info/SOURCES.txt'
[0.979s] writing manifest file '../../build/myrobot/myrobot.egg-info/SOURCES.txt'
[0.979s] running build
[0.979s] running build_py
[0.979s] copying myrobot/cam_input.py -> /home/pim0ubuntu/myrobot_ws/build/myrobot/build/lib/myrobot
[0.981s] running install
[0.985s] running install_lib
[1.001s] copying /home/pim0ubuntu/myrobot_ws/build/myrobot/build/lib/myrobot/cam_input.py -> /home/pim0ubuntu/myrobot_ws/install/myrobot/lib/python3.12/site-packages/myrobot
[1.002s] byte-compiling /home/pim0ubuntu/myrobot_ws/install/myrobot/lib/python3.12/site-packages/myrobot/cam_input.py to cam_input.cpython-312.pyc
[1.003s] running install_data
[1.003s] running install_egg_info
[1.020s] removing '/home/pim0ubuntu/myrobot_ws/install/myrobot/lib/python3.12/site-packages/myrobot-0.0.0-py3.12.egg-info' (and everything under it)
[1.022s] Copying ../../build/myrobot/myrobot.egg-info to /home/pim0ubuntu/myrobot_ws/install/myrobot/lib/python3.12/site-packages/myrobot-0.0.0-py3.12.egg-info
[1.023s] running install_scripts
[1.132s] Installing cam_input script to /home/pim0ubuntu/myrobot_ws/install/myrobot/lib/myrobot
[1.132s] Installing monitor_ui script to /home/pim0ubuntu/myrobot_ws/install/myrobot/lib/myrobot
[1.132s] Installing send_move script to /home/pim0ubuntu/myrobot_ws/install/myrobot/lib/myrobot
[1.132s] Installing state_publisher script to /home/pim0ubuntu/myrobot_ws/install/myrobot/lib/myrobot
[1.133s] writing list of installed files to '/home/pim0ubuntu/myrobot_ws/build/myrobot/install.log'
[1.160s] Invoked command in '/home/pim0ubuntu/myrobot_ws/src/myrobot' returned '0': DEBUGINFOD_URLS=https://debuginfod.ubuntu.com PYTHONPATH=/home/pim0ubuntu/myrobot_ws/build/myrobot/prefix_override:/usr/lib/python3/dist-packages/colcon_core/task/python/colcon_distutils_commands:/home/pim0ubuntu/myrobot_ws/install/myrobot/lib/python3.12/site-packages:${PYTHONPATH} /usr/bin/python3 -W ignore:setup.py install is deprecated -W ignore:easy_install command is deprecated setup.py egg_info --egg-base ../../build/myrobot build --build-base /home/pim0ubuntu/myrobot_ws/build/myrobot/build install --record /home/pim0ubuntu/myrobot_ws/build/myrobot/install.log --single-version-externally-managed install_data
