[0.814s] Invoking command in '/home/pim0ubuntu/myrobot_ws/src/myrobot': DEBUGINFOD_URLS=https://debuginfod.ubuntu.com PYTHONPATH=/home/pim0ubuntu/myrobot_ws/build/myrobot/prefix_override:/usr/lib/python3/dist-packages/colcon_core/task/python/colcon_distutils_commands:/home/pim0ubuntu/myrobot_ws/install/myrobot/lib/python3.12/site-packages:${PYTHONPATH} /usr/bin/python3 -W ignore:setup.py install is deprecated -W ignore:easy_install command is deprecated setup.py egg_info --egg-base ../../build/myrobot build --build-base /home/pim0ubuntu/myrobot_ws/build/myrobot/build install --record /home/pim0ubuntu/myrobot_ws/build/myrobot/install.log --single-version-externally-managed install_data
[1.060s] running egg_info
[1.078s] writing ../../build/myrobot/myrobot.egg-info/PKG-INFO
[1.079s] writing dependency_links to ../../build/myrobot/myrobot.egg-info/dependency_links.txt
[1.079s] writing entry points to ../../build/myrobot/myrobot.egg-info/entry_points.txt
[1.079s] writing requirements to ../../build/myrobot/myrobot.egg-info/requires.txt
[1.079s] writing top-level names to ../../build/myrobot/myrobot.egg-info/top_level.txt
[1.132s] reading manifest file '../../build/myrobot/myrobot.egg-info/SOURCES.txt'
[1.133s] writing manifest file '../../build/myrobot/myrobot.egg-info/SOURCES.txt'
[1.133s] running build
[1.133s] running build_py
[1.134s] running build_scripts
[1.134s] creating /home/pim0ubuntu/myrobot_ws/build/myrobot/build/scripts-3.12
[1.134s] copying and adjusting myrobot/cam_input.py -> /home/pim0ubuntu/myrobot_ws/build/myrobot/build/scripts-3.12
[1.134s] changing mode of /home/pim0ubuntu/myrobot_ws/build/myrobot/build/scripts-3.12/cam_input.py from 664 to 775
[1.135s] running install
[1.140s] running install_lib
[1.159s] running install_data
[1.159s] running install_egg_info
[1.178s] removing '/home/pim0ubuntu/myrobot_ws/install/myrobot/lib/python3.12/site-packages/myrobot-0.0.0-py3.12.egg-info' (and everything under it)
[1.180s] Copying ../../build/myrobot/myrobot.egg-info to /home/pim0ubuntu/myrobot_ws/install/myrobot/lib/python3.12/site-packages/myrobot-0.0.0-py3.12.egg-info
[1.180s] running install_scripts
[1.198s] copying /home/pim0ubuntu/myrobot_ws/build/myrobot/build/scripts-3.12/cam_input.py -> /home/pim0ubuntu/myrobot_ws/install/myrobot/lib/myrobot
[1.198s] changing mode of /home/pim0ubuntu/myrobot_ws/install/myrobot/lib/myrobot/cam_input.py to 775
[1.281s] Installing monitor_ui script to /home/pim0ubuntu/myrobot_ws/install/myrobot/lib/myrobot
[1.281s] Installing send_move script to /home/pim0ubuntu/myrobot_ws/install/myrobot/lib/myrobot
[1.281s] Installing state_publisher script to /home/pim0ubuntu/myrobot_ws/install/myrobot/lib/myrobot
[1.281s] writing list of installed files to '/home/pim0ubuntu/myrobot_ws/build/myrobot/install.log'
[1.314s] Invoked command in '/home/pim0ubuntu/myrobot_ws/src/myrobot' returned '0': DEBUGINFOD_URLS=https://debuginfod.ubuntu.com PYTHONPATH=/home/pim0ubuntu/myrobot_ws/build/myrobot/prefix_override:/usr/lib/python3/dist-packages/colcon_core/task/python/colcon_distutils_commands:/home/pim0ubuntu/myrobot_ws/install/myrobot/lib/python3.12/site-packages:${PYTHONPATH} /usr/bin/python3 -W ignore:setup.py install is deprecated -W ignore:easy_install command is deprecated setup.py egg_info --egg-base ../../build/myrobot build --build-base /home/pim0ubuntu/myrobot_ws/build/myrobot/build install --record /home/pim0ubuntu/myrobot_ws/build/myrobot/install.log --single-version-externally-managed install_data
