-- Found ament_cmake: 2.5.4 (/opt/ros/jazzy/share/ament_cmake/cmake)
-- Found angles: 1.16.0 (/opt/ros/jazzy/share/angles/cmake)
-- Found rclcpp: 28.1.9 (/opt/ros/jazzy/share/rclcpp/cmake)
-- Found rosidl_generator_c: 4.6.5 (/opt/ros/jazzy/share/rosidl_generator_c/cmake)
-- Found rosidl_generator_cpp: 4.6.5 (/opt/ros/jazzy/share/rosidl_generator_cpp/cmake)
-- Using all available rosidl_typesupport_c: rosidl_typesupport_fastrtps_c;rosidl_typesupport_introspection_c
-- Using all available rosidl_typesupport_cpp: rosidl_typesupport_fastrtps_cpp;rosidl_typesupport_introspection_cpp
-- Found rmw_implementation_cmake: 7.3.2 (/opt/ros/jazzy/share/rmw_implementation_cmake/cmake)
-- Found rmw_fastrtps_cpp: 8.4.2 (/opt/ros/jazzy/share/rmw_fastrtps_cpp/cmake)
-- Using RMW implementation 'rmw_fastrtps_cpp' as default
-- Found hardware_interface: 4.29.0 (/opt/ros/jazzy/share/hardware_interface/cmake)
-- Found ament_cmake_gtest: 2.5.4 (/opt/ros/jazzy/share/ament_cmake_gtest/cmake)
-- Found ament_lint_auto: 0.17.2 (/opt/ros/jazzy/share/ament_lint_auto/cmake)
-- Found ament_cmake_pytest: 2.5.4 (/opt/ros/jazzy/share/ament_cmake_pytest/cmake)
-- Found ros2_control_test_assets: 4.29.0 (/opt/ros/jazzy/share/ros2_control_test_assets/cmake)
-- Found ros_testing: 0.6.0 (/opt/ros/jazzy/share/ros_testing/cmake)
-- Found launch_testing_ament_cmake: 3.4.4 (/opt/ros/jazzy/share/launch_testing_ament_cmake/cmake)
-- Found python_cmake_module: 0.11.1 (/opt/ros/jazzy/share/python_cmake_module/cmake)
-- Found PythonExtra: /usr/bin/python3  
-- Found eigen3_cmake_module: 0.3.0 (/opt/ros/jazzy/share/eigen3_cmake_module/cmake)
-- Found Eigen3: TRUE (found version "3.4.0") 
-- Ensuring Eigen3 include directory is part of orocos-kdl CMake target
-- Found gtest sources under '/opt/ros/jazzy/src/gtest_vendor': C++ tests using 'Google Test' will be built
-- The C compiler identification is GNU 13.3.0
-- Detecting C compiler ABI info
-- Detecting C compiler ABI info - done
-- Check for working C compiler: /usr/bin/cc - skipped
-- Detecting C compile features
-- Detecting C compile features - done
-- Found Threads: TRUE  
-- Added test 'copyright' to check source files copyright and LICENSE
-- Added test 'cppcheck' to perform static code analysis on C / C++ code
-- Configured cppcheck include dirs: $<BUILD_INTERFACE:/home/pim0ubuntu/myrobot_ws/src/topic_based_ros2_control/include>
-- Configured cppcheck exclude dirs and/or files: 
-- Added test 'lint_cmake' to check CMake code style
-- Added test 'xmllint' to check XML markup files
-- Configuring done (1.8s)
-- Generating done (0.0s)
-- Build files have been written to: /home/pim0ubuntu/myrobot_ws/build/topic_based_ros2_control
[ 37%] [32mBuilding CXX object gtest/CMakeFiles/gtest_main.dir/src/gtest_main.cc.o[0m
[ 37%] [32mBuilding CXX object CMakeFiles/topic_based_ros2_control.dir/src/topic_based_system.cpp.o[0m
[ 37%] [32mBuilding CXX object gtest/CMakeFiles/gtest.dir/src/gtest-all.cc.o[0m
[ 50%] [32m[1mLinking CXX static library libgtest_main.a[0m
[ 50%] Built target gtest_main
[ 62%] [32m[1mLinking CXX static library libgtest.a[0m
[ 62%] Built target gtest
[ 75%] [32m[1mLinking CXX shared library libtopic_based_ros2_control.so[0m
[ 75%] Built target topic_based_ros2_control
[ 87%] [32mBuilding CXX object CMakeFiles/topic_based_system_test.dir/test/topic_based_system_test.cpp.o[0m
[100%] [32m[1mLinking CXX executable topic_based_system_test[0m
[100%] Built target topic_based_system_test
-- Install configuration: ""
-- Installing: /home/pim0ubuntu/myrobot_ws/install/topic_based_ros2_control/lib/libtopic_based_ros2_control.so
-- Set non-toolchain portion of runtime path of "/home/pim0ubuntu/myrobot_ws/install/topic_based_ros2_control/lib/libtopic_based_ros2_control.so" to ""
-- Installing: /home/pim0ubuntu/myrobot_ws/install/topic_based_ros2_control/share/topic_based_ros2_control/topic_based_ros2_control_plugin_description.xml
-- Installing: /home/pim0ubuntu/myrobot_ws/install/topic_based_ros2_control/share/topic_based_ros2_control/environment/library_path.sh
-- Installing: /home/pim0ubuntu/myrobot_ws/install/topic_based_ros2_control/share/topic_based_ros2_control/environment/library_path.dsv
-- Installing: /home/pim0ubuntu/myrobot_ws/install/topic_based_ros2_control/share/ament_index/resource_index/package_run_dependencies/topic_based_ros2_control
-- Installing: /home/pim0ubuntu/myrobot_ws/install/topic_based_ros2_control/share/ament_index/resource_index/parent_prefix_path/topic_based_ros2_control
-- Installing: /home/pim0ubuntu/myrobot_ws/install/topic_based_ros2_control/share/topic_based_ros2_control/environment/ament_prefix_path.sh
-- Installing: /home/pim0ubuntu/myrobot_ws/install/topic_based_ros2_control/share/topic_based_ros2_control/environment/ament_prefix_path.dsv
-- Installing: /home/pim0ubuntu/myrobot_ws/install/topic_based_ros2_control/share/topic_based_ros2_control/environment/path.sh
-- Installing: /home/pim0ubuntu/myrobot_ws/install/topic_based_ros2_control/share/topic_based_ros2_control/environment/path.dsv
-- Installing: /home/pim0ubuntu/myrobot_ws/install/topic_based_ros2_control/share/topic_based_ros2_control/local_setup.bash
-- Installing: /home/pim0ubuntu/myrobot_ws/install/topic_based_ros2_control/share/topic_based_ros2_control/local_setup.sh
-- Installing: /home/pim0ubuntu/myrobot_ws/install/topic_based_ros2_control/share/topic_based_ros2_control/local_setup.zsh
-- Installing: /home/pim0ubuntu/myrobot_ws/install/topic_based_ros2_control/share/topic_based_ros2_control/local_setup.dsv
-- Installing: /home/pim0ubuntu/myrobot_ws/install/topic_based_ros2_control/share/topic_based_ros2_control/package.dsv
-- Installing: /home/pim0ubuntu/myrobot_ws/install/topic_based_ros2_control/share/ament_index/resource_index/packages/topic_based_ros2_control
-- Installing: /home/pim0ubuntu/myrobot_ws/install/topic_based_ros2_control/share/ament_index/resource_index/hardware_interface__pluginlib__plugin/topic_based_ros2_control
-- Installing: /home/pim0ubuntu/myrobot_ws/install/topic_based_ros2_control/share/topic_based_ros2_control/cmake/topic_based_ros2_controlTargetsExport.cmake
-- Installing: /home/pim0ubuntu/myrobot_ws/install/topic_based_ros2_control/share/topic_based_ros2_control/cmake/topic_based_ros2_controlTargetsExport-noconfig.cmake
-- Installing: /home/pim0ubuntu/myrobot_ws/install/topic_based_ros2_control/share/topic_based_ros2_control/cmake/ament_cmake_export_targets-extras.cmake
-- Installing: /home/pim0ubuntu/myrobot_ws/install/topic_based_ros2_control/share/topic_based_ros2_control/cmake/ament_cmake_export_dependencies-extras.cmake
-- Installing: /home/pim0ubuntu/myrobot_ws/install/topic_based_ros2_control/share/topic_based_ros2_control/cmake/topic_based_ros2_controlConfig.cmake
-- Installing: /home/pim0ubuntu/myrobot_ws/install/topic_based_ros2_control/share/topic_based_ros2_control/cmake/topic_based_ros2_controlConfig-version.cmake
-- Installing: /home/pim0ubuntu/myrobot_ws/install/topic_based_ros2_control/share/topic_based_ros2_control/package.xml
