[0.230s] Invoking command in '/home/pim0ubuntu/myrobot_ws/build/topic_based_ros2_control': CMAKE_PREFIX_PATH=${CMAKE_PREFIX_PATH}:/home/pim0ubuntu/myrobot_ws/install/myrobot:/home/pim0ubuntu/myrobot_ws/src/install/myrobot:/home/pim0ubuntu/ros2_ws/install/launch_testing_examples:/home/pim0ubuntu/ros2_ws/install/examples_rclpy_pointcloud_publisher:/home/pim0ubuntu/ros2_ws/install/examples_rclpy_minimal_subscriber:/home/pim0ubuntu/ros2_ws/install/examples_rclpy_minimal_service:/home/pim0ubuntu/ros2_ws/install/examples_rclpy_minimal_publisher:/home/pim0ubuntu/ros2_ws/install/examples_rclpy_minimal_client:/home/pim0ubuntu/ros2_ws/install/examples_rclpy_minimal_action_server:/home/pim0ubuntu/ros2_ws/install/examples_rclpy_minimal_action_client:/home/pim0ubuntu/ros2_ws/install/examples_rclpy_guard_conditions:/home/pim0ubuntu/ros2_ws/install/examples_rclpy_executors:/opt/ros/jazzy DEBUGINFOD_URLS=https://debuginfod.ubuntu.com /usr/bin/cmake /home/pim0ubuntu/myrobot_ws/src/topic_based_ros2_control -DCMAKE_INSTALL_PREFIX=/home/pim0ubuntu/myrobot_ws/install/topic_based_ros2_control
[0.249s] -- Found ament_cmake: 2.5.4 (/opt/ros/jazzy/share/ament_cmake/cmake)
[0.525s] -- Found angles: 1.16.0 (/opt/ros/jazzy/share/angles/cmake)
[0.530s] -- Found rclcpp: 28.1.9 (/opt/ros/jazzy/share/rclcpp/cmake)
[0.591s] -- Found rosidl_generator_c: 4.6.5 (/opt/ros/jazzy/share/rosidl_generator_c/cmake)
[0.599s] -- Found rosidl_generator_cpp: 4.6.5 (/opt/ros/jazzy/share/rosidl_generator_cpp/cmake)
[0.619s] -- Using all available rosidl_typesupport_c: rosidl_typesupport_fastrtps_c;rosidl_typesupport_introspection_c
[0.632s] -- Using all available rosidl_typesupport_cpp: rosidl_typesupport_fastrtps_cpp;rosidl_typesupport_introspection_cpp
[0.692s] -- Found rmw_implementation_cmake: 7.3.2 (/opt/ros/jazzy/share/rmw_implementation_cmake/cmake)
[0.694s] -- Found rmw_fastrtps_cpp: 8.4.2 (/opt/ros/jazzy/share/rmw_fastrtps_cpp/cmake)
[0.770s] -- Using RMW implementation 'rmw_fastrtps_cpp' as default
[0.831s] -- Found hardware_interface: 4.29.0 (/opt/ros/jazzy/share/hardware_interface/cmake)
[1.054s] -- Found ament_cmake_gtest: 2.5.4 (/opt/ros/jazzy/share/ament_cmake_gtest/cmake)
[1.054s] -- Found ament_lint_auto: 0.17.2 (/opt/ros/jazzy/share/ament_lint_auto/cmake)
[1.055s] -- Found ament_cmake_pytest: 2.5.4 (/opt/ros/jazzy/share/ament_cmake_pytest/cmake)
[1.056s] -- Found ros2_control_test_assets: 4.29.0 (/opt/ros/jazzy/share/ros2_control_test_assets/cmake)
[1.059s] -- Found ros_testing: 0.6.0 (/opt/ros/jazzy/share/ros_testing/cmake)
[1.064s] -- Found launch_testing_ament_cmake: 3.4.4 (/opt/ros/jazzy/share/launch_testing_ament_cmake/cmake)
[1.069s] -- Found python_cmake_module: 0.11.1 (/opt/ros/jazzy/share/python_cmake_module/cmake)
[1.255s] -- Found PythonExtra: /usr/bin/python3  
[1.674s] -- Found eigen3_cmake_module: 0.3.0 (/opt/ros/jazzy/share/eigen3_cmake_module/cmake)
[1.677s] -- Found Eigen3: TRUE (found version "3.4.0") 
[1.677s] -- Ensuring Eigen3 include directory is part of orocos-kdl CMake target
[1.883s] -- Found gtest sources under '/opt/ros/jazzy/src/gtest_vendor': C++ tests using 'Google Test' will be built
[1.930s] -- The C compiler identification is GNU 13.3.0
[1.945s] -- Detecting C compiler ABI info
[2.041s] -- Detecting C compiler ABI info - done
[2.048s] -- Check for working C compiler: /usr/bin/cc - skipped
[2.048s] -- Detecting C compile features
[2.049s] -- Detecting C compile features - done
[2.054s] -- Found Threads: TRUE  
[2.066s] -- Added test 'copyright' to check source files copyright and LICENSE
[2.071s] -- Added test 'cppcheck' to perform static code analysis on C / C++ code
[2.072s] -- Configured cppcheck include dirs: $<BUILD_INTERFACE:/home/pim0ubuntu/myrobot_ws/src/topic_based_ros2_control/include>
[2.072s] -- Configured cppcheck exclude dirs and/or files: 
[2.074s] -- Added test 'lint_cmake' to check CMake code style
[2.076s] -- Added test 'xmllint' to check XML markup files
[2.080s] -- Configuring done (1.8s)
[2.118s] -- Generating done (0.0s)
[2.127s] -- Build files have been written to: /home/pim0ubuntu/myrobot_ws/build/topic_based_ros2_control
[2.143s] Invoked command in '/home/pim0ubuntu/myrobot_ws/build/topic_based_ros2_control' returned '0': CMAKE_PREFIX_PATH=${CMAKE_PREFIX_PATH}:/home/pim0ubuntu/myrobot_ws/install/myrobot:/home/pim0ubuntu/myrobot_ws/src/install/myrobot:/home/pim0ubuntu/ros2_ws/install/launch_testing_examples:/home/pim0ubuntu/ros2_ws/install/examples_rclpy_pointcloud_publisher:/home/pim0ubuntu/ros2_ws/install/examples_rclpy_minimal_subscriber:/home/pim0ubuntu/ros2_ws/install/examples_rclpy_minimal_service:/home/pim0ubuntu/ros2_ws/install/examples_rclpy_minimal_publisher:/home/pim0ubuntu/ros2_ws/install/examples_rclpy_minimal_client:/home/pim0ubuntu/ros2_ws/install/examples_rclpy_minimal_action_server:/home/pim0ubuntu/ros2_ws/install/examples_rclpy_minimal_action_client:/home/pim0ubuntu/ros2_ws/install/examples_rclpy_guard_conditions:/home/pim0ubuntu/ros2_ws/install/examples_rclpy_executors:/opt/ros/jazzy DEBUGINFOD_URLS=https://debuginfod.ubuntu.com /usr/bin/cmake /home/pim0ubuntu/myrobot_ws/src/topic_based_ros2_control -DCMAKE_INSTALL_PREFIX=/home/pim0ubuntu/myrobot_ws/install/topic_based_ros2_control
[2.144s] Invoking command in '/home/pim0ubuntu/myrobot_ws/build/topic_based_ros2_control': CMAKE_PREFIX_PATH=${CMAKE_PREFIX_PATH}:/home/pim0ubuntu/myrobot_ws/install/myrobot:/home/pim0ubuntu/myrobot_ws/src/install/myrobot:/home/pim0ubuntu/ros2_ws/install/launch_testing_examples:/home/pim0ubuntu/ros2_ws/install/examples_rclpy_pointcloud_publisher:/home/pim0ubuntu/ros2_ws/install/examples_rclpy_minimal_subscriber:/home/pim0ubuntu/ros2_ws/install/examples_rclpy_minimal_service:/home/pim0ubuntu/ros2_ws/install/examples_rclpy_minimal_publisher:/home/pim0ubuntu/ros2_ws/install/examples_rclpy_minimal_client:/home/pim0ubuntu/ros2_ws/install/examples_rclpy_minimal_action_server:/home/pim0ubuntu/ros2_ws/install/examples_rclpy_minimal_action_client:/home/pim0ubuntu/ros2_ws/install/examples_rclpy_guard_conditions:/home/pim0ubuntu/ros2_ws/install/examples_rclpy_executors:/opt/ros/jazzy DEBUGINFOD_URLS=https://debuginfod.ubuntu.com /usr/bin/cmake --build /home/pim0ubuntu/myrobot_ws/build/topic_based_ros2_control -- -j4 -l4
[2.204s] [ 37%] [32mBuilding CXX object gtest/CMakeFiles/gtest_main.dir/src/gtest_main.cc.o[0m
[2.204s] [ 37%] [32mBuilding CXX object CMakeFiles/topic_based_ros2_control.dir/src/topic_based_system.cpp.o[0m
[2.206s] [ 37%] [32mBuilding CXX object gtest/CMakeFiles/gtest.dir/src/gtest-all.cc.o[0m
[3.120s] [ 50%] [32m[1mLinking CXX static library libgtest_main.a[0m
[3.178s] [ 50%] Built target gtest_main
[6.583s] [ 62%] [32m[1mLinking CXX static library libgtest.a[0m
[6.664s] [ 62%] Built target gtest
[13.158s] [ 75%] [32m[1mLinking CXX shared library libtopic_based_ros2_control.so[0m
[13.613s] [ 75%] Built target topic_based_ros2_control
[13.643s] [ 87%] [32mBuilding CXX object CMakeFiles/topic_based_system_test.dir/test/topic_based_system_test.cpp.o[0m
[18.124s] [100%] [32m[1mLinking CXX executable topic_based_system_test[0m
[18.403s] [100%] Built target topic_based_system_test
[18.418s] Invoked command in '/home/pim0ubuntu/myrobot_ws/build/topic_based_ros2_control' returned '0': CMAKE_PREFIX_PATH=${CMAKE_PREFIX_PATH}:/home/pim0ubuntu/myrobot_ws/install/myrobot:/home/pim0ubuntu/myrobot_ws/src/install/myrobot:/home/pim0ubuntu/ros2_ws/install/launch_testing_examples:/home/pim0ubuntu/ros2_ws/install/examples_rclpy_pointcloud_publisher:/home/pim0ubuntu/ros2_ws/install/examples_rclpy_minimal_subscriber:/home/pim0ubuntu/ros2_ws/install/examples_rclpy_minimal_service:/home/pim0ubuntu/ros2_ws/install/examples_rclpy_minimal_publisher:/home/pim0ubuntu/ros2_ws/install/examples_rclpy_minimal_client:/home/pim0ubuntu/ros2_ws/install/examples_rclpy_minimal_action_server:/home/pim0ubuntu/ros2_ws/install/examples_rclpy_minimal_action_client:/home/pim0ubuntu/ros2_ws/install/examples_rclpy_guard_conditions:/home/pim0ubuntu/ros2_ws/install/examples_rclpy_executors:/opt/ros/jazzy DEBUGINFOD_URLS=https://debuginfod.ubuntu.com /usr/bin/cmake --build /home/pim0ubuntu/myrobot_ws/build/topic_based_ros2_control -- -j4 -l4
[18.430s] Invoking command in '/home/pim0ubuntu/myrobot_ws/build/topic_based_ros2_control': CMAKE_PREFIX_PATH=${CMAKE_PREFIX_PATH}:/home/pim0ubuntu/myrobot_ws/install/myrobot:/home/pim0ubuntu/myrobot_ws/src/install/myrobot:/home/pim0ubuntu/ros2_ws/install/launch_testing_examples:/home/pim0ubuntu/ros2_ws/install/examples_rclpy_pointcloud_publisher:/home/pim0ubuntu/ros2_ws/install/examples_rclpy_minimal_subscriber:/home/pim0ubuntu/ros2_ws/install/examples_rclpy_minimal_service:/home/pim0ubuntu/ros2_ws/install/examples_rclpy_minimal_publisher:/home/pim0ubuntu/ros2_ws/install/examples_rclpy_minimal_client:/home/pim0ubuntu/ros2_ws/install/examples_rclpy_minimal_action_server:/home/pim0ubuntu/ros2_ws/install/examples_rclpy_minimal_action_client:/home/pim0ubuntu/ros2_ws/install/examples_rclpy_guard_conditions:/home/pim0ubuntu/ros2_ws/install/examples_rclpy_executors:/opt/ros/jazzy DEBUGINFOD_URLS=https://debuginfod.ubuntu.com /usr/bin/cmake --install /home/pim0ubuntu/myrobot_ws/build/topic_based_ros2_control
[18.440s] -- Install configuration: ""
[18.440s] -- Installing: /home/pim0ubuntu/myrobot_ws/install/topic_based_ros2_control/lib/libtopic_based_ros2_control.so
[18.445s] -- Set non-toolchain portion of runtime path of "/home/pim0ubuntu/myrobot_ws/install/topic_based_ros2_control/lib/libtopic_based_ros2_control.so" to ""
[18.445s] -- Installing: /home/pim0ubuntu/myrobot_ws/install/topic_based_ros2_control/share/topic_based_ros2_control/topic_based_ros2_control_plugin_description.xml
[18.445s] -- Installing: /home/pim0ubuntu/myrobot_ws/install/topic_based_ros2_control/share/topic_based_ros2_control/environment/library_path.sh
[18.445s] -- Installing: /home/pim0ubuntu/myrobot_ws/install/topic_based_ros2_control/share/topic_based_ros2_control/environment/library_path.dsv
[18.446s] -- Installing: /home/pim0ubuntu/myrobot_ws/install/topic_based_ros2_control/share/ament_index/resource_index/package_run_dependencies/topic_based_ros2_control
[18.446s] -- Installing: /home/pim0ubuntu/myrobot_ws/install/topic_based_ros2_control/share/ament_index/resource_index/parent_prefix_path/topic_based_ros2_control
[18.446s] -- Installing: /home/pim0ubuntu/myrobot_ws/install/topic_based_ros2_control/share/topic_based_ros2_control/environment/ament_prefix_path.sh
[18.446s] -- Installing: /home/pim0ubuntu/myrobot_ws/install/topic_based_ros2_control/share/topic_based_ros2_control/environment/ament_prefix_path.dsv
[18.447s] -- Installing: /home/pim0ubuntu/myrobot_ws/install/topic_based_ros2_control/share/topic_based_ros2_control/environment/path.sh
[18.447s] -- Installing: /home/pim0ubuntu/myrobot_ws/install/topic_based_ros2_control/share/topic_based_ros2_control/environment/path.dsv
[18.447s] -- Installing: /home/pim0ubuntu/myrobot_ws/install/topic_based_ros2_control/share/topic_based_ros2_control/local_setup.bash
[18.447s] -- Installing: /home/pim0ubuntu/myrobot_ws/install/topic_based_ros2_control/share/topic_based_ros2_control/local_setup.sh
[18.448s] -- Installing: /home/pim0ubuntu/myrobot_ws/install/topic_based_ros2_control/share/topic_based_ros2_control/local_setup.zsh
[18.448s] -- Installing: /home/pim0ubuntu/myrobot_ws/install/topic_based_ros2_control/share/topic_based_ros2_control/local_setup.dsv
[18.448s] -- Installing: /home/pim0ubuntu/myrobot_ws/install/topic_based_ros2_control/share/topic_based_ros2_control/package.dsv
[18.448s] -- Installing: /home/pim0ubuntu/myrobot_ws/install/topic_based_ros2_control/share/ament_index/resource_index/packages/topic_based_ros2_control
[18.448s] -- Installing: /home/pim0ubuntu/myrobot_ws/install/topic_based_ros2_control/share/ament_index/resource_index/hardware_interface__pluginlib__plugin/topic_based_ros2_control
[18.448s] -- Installing: /home/pim0ubuntu/myrobot_ws/install/topic_based_ros2_control/share/topic_based_ros2_control/cmake/topic_based_ros2_controlTargetsExport.cmake
[18.448s] -- Installing: /home/pim0ubuntu/myrobot_ws/install/topic_based_ros2_control/share/topic_based_ros2_control/cmake/topic_based_ros2_controlTargetsExport-noconfig.cmake
[18.448s] -- Installing: /home/pim0ubuntu/myrobot_ws/install/topic_based_ros2_control/share/topic_based_ros2_control/cmake/ament_cmake_export_targets-extras.cmake
[18.449s] -- Installing: /home/pim0ubuntu/myrobot_ws/install/topic_based_ros2_control/share/topic_based_ros2_control/cmake/ament_cmake_export_dependencies-extras.cmake
[18.449s] -- Installing: /home/pim0ubuntu/myrobot_ws/install/topic_based_ros2_control/share/topic_based_ros2_control/cmake/topic_based_ros2_controlConfig.cmake
[18.449s] -- Installing: /home/pim0ubuntu/myrobot_ws/install/topic_based_ros2_control/share/topic_based_ros2_control/cmake/topic_based_ros2_controlConfig-version.cmake
[18.449s] -- Installing: /home/pim0ubuntu/myrobot_ws/install/topic_based_ros2_control/share/topic_based_ros2_control/package.xml
[18.450s] Invoked command in '/home/pim0ubuntu/myrobot_ws/build/topic_based_ros2_control' returned '0': CMAKE_PREFIX_PATH=${CMAKE_PREFIX_PATH}:/home/pim0ubuntu/myrobot_ws/install/myrobot:/home/pim0ubuntu/myrobot_ws/src/install/myrobot:/home/pim0ubuntu/ros2_ws/install/launch_testing_examples:/home/pim0ubuntu/ros2_ws/install/examples_rclpy_pointcloud_publisher:/home/pim0ubuntu/ros2_ws/install/examples_rclpy_minimal_subscriber:/home/pim0ubuntu/ros2_ws/install/examples_rclpy_minimal_service:/home/pim0ubuntu/ros2_ws/install/examples_rclpy_minimal_publisher:/home/pim0ubuntu/ros2_ws/install/examples_rclpy_minimal_client:/home/pim0ubuntu/ros2_ws/install/examples_rclpy_minimal_action_server:/home/pim0ubuntu/ros2_ws/install/examples_rclpy_minimal_action_client:/home/pim0ubuntu/ros2_ws/install/examples_rclpy_guard_conditions:/home/pim0ubuntu/ros2_ws/install/examples_rclpy_executors:/opt/ros/jazzy DEBUGINFOD_URLS=https://debuginfod.ubuntu.com /usr/bin/cmake --install /home/pim0ubuntu/myrobot_ws/build/topic_based_ros2_control
