[0.843s] Invoking command in '/home/pim0ubuntu/myrobot_ws/src/myrobot': DEBUGINFOD_URLS=https://debuginfod.ubuntu.com PYTHONPATH=/home/pim0ubuntu/myrobot_ws/build/myrobot/prefix_override:/usr/lib/python3/dist-packages/colcon_core/task/python/colcon_distutils_commands:/home/pim0ubuntu/myrobot_ws/install/myrobot/lib/python3.12/site-packages:${PYTHONPATH} /usr/bin/python3 -W ignore:setup.py install is deprecated -W ignore:easy_install command is deprecated setup.py egg_info --egg-base ../../build/myrobot build --build-base /home/pim0ubuntu/myrobot_ws/build/myrobot/build install --record /home/pim0ubuntu/myrobot_ws/build/myrobot/install.log --single-version-externally-managed install_data
[1.112s] running egg_info
[1.133s] writing ../../build/myrobot/myrobot.egg-info/PKG-INFO
[1.133s] writing dependency_links to ../../build/myrobot/myrobot.egg-info/dependency_links.txt
[1.133s] writing entry points to ../../build/myrobot/myrobot.egg-info/entry_points.txt
[1.133s] writing requirements to ../../build/myrobot/myrobot.egg-info/requires.txt
[1.133s] writing top-level names to ../../build/myrobot/myrobot.egg-info/top_level.txt
[1.170s] reading manifest file '../../build/myrobot/myrobot.egg-info/SOURCES.txt'
[1.170s] writing manifest file '../../build/myrobot/myrobot.egg-info/SOURCES.txt'
[1.171s] running build
[1.171s] running build_py
[1.172s] copying myrobot/send_move.py -> /home/pim0ubuntu/myrobot_ws/build/myrobot/build/lib/myrobot
[1.172s] running install
[1.177s] running install_lib
[1.196s] copying /home/pim0ubuntu/myrobot_ws/build/myrobot/build/lib/myrobot/send_move.py -> /home/pim0ubuntu/myrobot_ws/install/myrobot/lib/python3.12/site-packages/myrobot
[1.197s] byte-compiling /home/pim0ubuntu/myrobot_ws/install/myrobot/lib/python3.12/site-packages/myrobot/send_move.py to send_move.cpython-312.pyc
[1.200s] running install_data
[1.200s] copying urdf/motor.urdf.xacro -> /home/pim0ubuntu/myrobot_ws/install/myrobot/share/myrobot/urdf
[1.200s] running install_egg_info
[1.219s] removing '/home/pim0ubuntu/myrobot_ws/install/myrobot/lib/python3.12/site-packages/myrobot-0.0.0-py3.12.egg-info' (and everything under it)
[1.221s] Copying ../../build/myrobot/myrobot.egg-info to /home/pim0ubuntu/myrobot_ws/install/myrobot/lib/python3.12/site-packages/myrobot-0.0.0-py3.12.egg-info
[1.222s] running install_scripts
[1.361s] Installing send_move script to /home/pim0ubuntu/myrobot_ws/install/myrobot/lib/myrobot
[1.361s] Installing state_publisher script to /home/pim0ubuntu/myrobot_ws/install/myrobot/lib/myrobot
[1.361s] writing list of installed files to '/home/pim0ubuntu/myrobot_ws/build/myrobot/install.log'
[1.427s] Invoked command in '/home/pim0ubuntu/myrobot_ws/src/myrobot' returned '0': DEBUGINFOD_URLS=https://debuginfod.ubuntu.com PYTHONPATH=/home/pim0ubuntu/myrobot_ws/build/myrobot/prefix_override:/usr/lib/python3/dist-packages/colcon_core/task/python/colcon_distutils_commands:/home/pim0ubuntu/myrobot_ws/install/myrobot/lib/python3.12/site-packages:${PYTHONPATH} /usr/bin/python3 -W ignore:setup.py install is deprecated -W ignore:easy_install command is deprecated setup.py egg_info --egg-base ../../build/myrobot build --build-base /home/pim0ubuntu/myrobot_ws/build/myrobot/build install --record /home/pim0ubuntu/myrobot_ws/build/myrobot/install.log --single-version-externally-managed install_data
