running egg_info
creating ../build/myrobot/myrobot.egg-info
writing ../build/myrobot/myrobot.egg-info/PKG-INFO
writing dependency_links to ../build/myrobot/myrobot.egg-info/dependency_links.txt
writing requirements to ../build/myrobot/myrobot.egg-info/requires.txt
writing top-level names to ../build/myrobot/myrobot.egg-info/top_level.txt
writing manifest file '../build/myrobot/myrobot.egg-info/SOURCES.txt'
reading manifest file '../build/myrobot/myrobot.egg-info/SOURCES.txt'
writing manifest file '../build/myrobot/myrobot.egg-info/SOURCES.txt'
running build
running build_py
creating /home/pim0ubuntu/myrobot_ws/build/myrobot/build
creating /home/pim0ubuntu/myrobot_ws/build/myrobot/build/lib
creating /home/pim0ubuntu/myrobot_ws/build/myrobot/build/lib/myrobot
copying myrobot/__init__.py -> /home/pim0ubuntu/myrobot_ws/build/myrobot/build/lib/myrobot
running install
running install_lib
creating /home/pim0ubuntu/myrobot_ws/install/myrobot/lib/python3.12/site-packages/myrobot
copying /home/pim0ubuntu/myrobot_ws/build/myrobot/build/lib/myrobot/__init__.py -> /home/pim0ubuntu/myrobot_ws/install/myrobot/lib/python3.12/site-packages/myrobot
byte-compiling /home/pim0ubuntu/myrobot_ws/install/myrobot/lib/python3.12/site-packages/myrobot/__init__.py to __init__.cpython-312.pyc
running install_data
creating /home/pim0ubuntu/myrobot_ws/install/myrobot/share/ament_index
creating /home/pim0ubuntu/myrobot_ws/install/myrobot/share/ament_index/resource_index
creating /home/pim0ubuntu/myrobot_ws/install/myrobot/share/ament_index/resource_index/packages
copying resource/myrobot -> /home/pim0ubuntu/myrobot_ws/install/myrobot/share/ament_index/resource_index/packages
copying package.xml -> /home/pim0ubuntu/myrobot_ws/install/myrobot/share/myrobot
running install_egg_info
Copying ../build/myrobot/myrobot.egg-info to /home/pim0ubuntu/myrobot_ws/install/myrobot/lib/python3.12/site-packages/myrobot-0.0.0-py3.12.egg-info
running install_scripts
writing list of installed files to '/home/pim0ubuntu/myrobot_ws/build/myrobot/install.log'
