[0.741s] Invoking command in '/home/pim0ubuntu/myrobot_ws/myrobot': DEBUGINFOD_URLS=https://debuginfod.ubuntu.com PYTHONPATH=/home/pim0ubuntu/myrobot_ws/build/myrobot/prefix_override:/usr/lib/python3/dist-packages/colcon_core/task/python/colcon_distutils_commands:/home/pim0ubuntu/myrobot_ws/install/myrobot/lib/python3.12/site-packages:${PYTHONPATH} /usr/bin/python3 -W ignore:setup.py install is deprecated -W ignore:easy_install command is deprecated setup.py egg_info --egg-base ../build/myrobot build --build-base /home/pim0ubuntu/myrobot_ws/build/myrobot/build install --record /home/pim0ubuntu/myrobot_ws/build/myrobot/install.log --single-version-externally-managed install_data
[0.973s] running egg_info
[0.973s] creating ../build/myrobot/myrobot.egg-info
[0.988s] writing ../build/myrobot/myrobot.egg-info/PKG-INFO
[0.988s] writing dependency_links to ../build/myrobot/myrobot.egg-info/dependency_links.txt
[0.988s] writing requirements to ../build/myrobot/myrobot.egg-info/requires.txt
[0.988s] writing top-level names to ../build/myrobot/myrobot.egg-info/top_level.txt
[0.988s] writing manifest file '../build/myrobot/myrobot.egg-info/SOURCES.txt'
[1.023s] reading manifest file '../build/myrobot/myrobot.egg-info/SOURCES.txt'
[1.023s] writing manifest file '../build/myrobot/myrobot.egg-info/SOURCES.txt'
[1.023s] running build
[1.023s] running build_py
[1.023s] creating /home/pim0ubuntu/myrobot_ws/build/myrobot/build
[1.023s] creating /home/pim0ubuntu/myrobot_ws/build/myrobot/build/lib
[1.023s] creating /home/pim0ubuntu/myrobot_ws/build/myrobot/build/lib/myrobot
[1.024s] copying myrobot/__init__.py -> /home/pim0ubuntu/myrobot_ws/build/myrobot/build/lib/myrobot
[1.024s] running install
[1.030s] running install_lib
[1.048s] creating /home/pim0ubuntu/myrobot_ws/install/myrobot/lib/python3.12/site-packages/myrobot
[1.048s] copying /home/pim0ubuntu/myrobot_ws/build/myrobot/build/lib/myrobot/__init__.py -> /home/pim0ubuntu/myrobot_ws/install/myrobot/lib/python3.12/site-packages/myrobot
[1.049s] byte-compiling /home/pim0ubuntu/myrobot_ws/install/myrobot/lib/python3.12/site-packages/myrobot/__init__.py to __init__.cpython-312.pyc
[1.049s] running install_data
[1.049s] creating /home/pim0ubuntu/myrobot_ws/install/myrobot/share/ament_index
[1.049s] creating /home/pim0ubuntu/myrobot_ws/install/myrobot/share/ament_index/resource_index
[1.049s] creating /home/pim0ubuntu/myrobot_ws/install/myrobot/share/ament_index/resource_index/packages
[1.049s] copying resource/myrobot -> /home/pim0ubuntu/myrobot_ws/install/myrobot/share/ament_index/resource_index/packages
[1.049s] copying package.xml -> /home/pim0ubuntu/myrobot_ws/install/myrobot/share/myrobot
[1.049s] running install_egg_info
[1.068s] Copying ../build/myrobot/myrobot.egg-info to /home/pim0ubuntu/myrobot_ws/install/myrobot/lib/python3.12/site-packages/myrobot-0.0.0-py3.12.egg-info
[1.069s] running install_scripts
[1.188s] writing list of installed files to '/home/pim0ubuntu/myrobot_ws/build/myrobot/install.log'
[1.216s] Invoked command in '/home/pim0ubuntu/myrobot_ws/myrobot' returned '0': DEBUGINFOD_URLS=https://debuginfod.ubuntu.com PYTHONPATH=/home/pim0ubuntu/myrobot_ws/build/myrobot/prefix_override:/usr/lib/python3/dist-packages/colcon_core/task/python/colcon_distutils_commands:/home/pim0ubuntu/myrobot_ws/install/myrobot/lib/python3.12/site-packages:${PYTHONPATH} /usr/bin/python3 -W ignore:setup.py install is deprecated -W ignore:easy_install command is deprecated setup.py egg_info --egg-base ../build/myrobot build --build-base /home/pim0ubuntu/myrobot_ws/build/myrobot/build install --record /home/pim0ubuntu/myrobot_ws/build/myrobot/install.log --single-version-externally-managed install_data
