[0.687s] Invoking command in '/home/pim0ubuntu/myrobot_ws/src/myrobot': DEBUGINFOD_URLS=https://debuginfod.ubuntu.com PYTHONPATH=/home/pim0ubuntu/myrobot_ws/build/myrobot/prefix_override:/usr/lib/python3/dist-packages/colcon_core/task/python/colcon_distutils_commands:/home/pim0ubuntu/myrobot_ws/install/myrobot/lib/python3.12/site-packages:${PYTHONPATH} /usr/bin/python3 -W ignore:setup.py install is deprecated -W ignore:easy_install command is deprecated setup.py egg_info --egg-base ../../build/myrobot build --build-base /home/pim0ubuntu/myrobot_ws/build/myrobot/build install --record /home/pim0ubuntu/myrobot_ws/build/myrobot/install.log --single-version-externally-managed install_data
[0.954s] running egg_info
[0.971s] writing ../../build/myrobot/myrobot.egg-info/PKG-INFO
[0.971s] writing dependency_links to ../../build/myrobot/myrobot.egg-info/dependency_links.txt
[0.973s] writing entry points to ../../build/myrobot/myrobot.egg-info/entry_points.txt
[0.973s] writing requirements to ../../build/myrobot/myrobot.egg-info/requires.txt
[0.973s] writing top-level names to ../../build/myrobot/myrobot.egg-info/top_level.txt
[1.008s] reading manifest file '../../build/myrobot/myrobot.egg-info/SOURCES.txt'
[1.009s] writing manifest file '../../build/myrobot/myrobot.egg-info/SOURCES.txt'
[1.009s] running build
[1.009s] running build_py
[1.010s] copying myrobot/monitor_ui.py -> /home/pim0ubuntu/myrobot_ws/build/myrobot/build/lib/myrobot
[1.011s] running install
[1.016s] running install_lib
[1.033s] copying /home/pim0ubuntu/myrobot_ws/build/myrobot/build/lib/myrobot/monitor_ui.py -> /home/pim0ubuntu/myrobot_ws/install/myrobot/lib/python3.12/site-packages/myrobot
[1.033s] byte-compiling /home/pim0ubuntu/myrobot_ws/install/myrobot/lib/python3.12/site-packages/myrobot/monitor_ui.py to monitor_ui.cpython-312.pyc
[1.034s] running install_data
[1.035s] running install_egg_info
[1.053s] removing '/home/pim0ubuntu/myrobot_ws/install/myrobot/lib/python3.12/site-packages/myrobot-0.0.0-py3.12.egg-info' (and everything under it)
[1.053s] Copying ../../build/myrobot/myrobot.egg-info to /home/pim0ubuntu/myrobot_ws/install/myrobot/lib/python3.12/site-packages/myrobot-0.0.0-py3.12.egg-info
[1.053s] running install_scripts
[1.174s] Installing monitor_ui script to /home/pim0ubuntu/myrobot_ws/install/myrobot/lib/myrobot
[1.175s] Installing send_move script to /home/pim0ubuntu/myrobot_ws/install/myrobot/lib/myrobot
[1.175s] Installing state_publisher script to /home/pim0ubuntu/myrobot_ws/install/myrobot/lib/myrobot
[1.175s] writing list of installed files to '/home/pim0ubuntu/myrobot_ws/build/myrobot/install.log'
[1.212s] Invoked command in '/home/pim0ubuntu/myrobot_ws/src/myrobot' returned '0': DEBUGINFOD_URLS=https://debuginfod.ubuntu.com PYTHONPATH=/home/pim0ubuntu/myrobot_ws/build/myrobot/prefix_override:/usr/lib/python3/dist-packages/colcon_core/task/python/colcon_distutils_commands:/home/pim0ubuntu/myrobot_ws/install/myrobot/lib/python3.12/site-packages:${PYTHONPATH} /usr/bin/python3 -W ignore:setup.py install is deprecated -W ignore:easy_install command is deprecated setup.py egg_info --egg-base ../../build/myrobot build --build-base /home/pim0ubuntu/myrobot_ws/build/myrobot/build install --record /home/pim0ubuntu/myrobot_ws/build/myrobot/install.log --single-version-externally-managed install_data
