[0.914s] Invoking command in '/home/pim0ubuntu/myrobot_ws/src/myrobot': DEBUGINFOD_URLS=https://debuginfod.ubuntu.com PYTHONPATH=/home/pim0ubuntu/myrobot_ws/build/myrobot/prefix_override:/usr/lib/python3/dist-packages/colcon_core/task/python/colcon_distutils_commands:/home/pim0ubuntu/myrobot_ws/install/myrobot/lib/python3.12/site-packages:${PYTHONPATH} /usr/bin/python3 -W ignore:setup.py install is deprecated -W ignore:easy_install command is deprecated setup.py egg_info --egg-base ../../build/myrobot build --build-base /home/pim0ubuntu/myrobot_ws/build/myrobot/build install --record /home/pim0ubuntu/myrobot_ws/build/myrobot/install.log --single-version-externally-managed install_data
[1.168s] running egg_info
[1.190s] writing ../../build/myrobot/myrobot.egg-info/PKG-INFO
[1.190s] writing dependency_links to ../../build/myrobot/myrobot.egg-info/dependency_links.txt
[1.190s] writing entry points to ../../build/myrobot/myrobot.egg-info/entry_points.txt
[1.191s] writing requirements to ../../build/myrobot/myrobot.egg-info/requires.txt
[1.191s] writing top-level names to ../../build/myrobot/myrobot.egg-info/top_level.txt
[1.230s] reading manifest file '../../build/myrobot/myrobot.egg-info/SOURCES.txt'
[1.231s] writing manifest file '../../build/myrobot/myrobot.egg-info/SOURCES.txt'
[1.231s] running build
[1.232s] running build_py
[1.232s] running install
[1.239s] running install_lib
[1.258s] running install_data
[1.258s] copying launch/operate.launch.py -> /home/pim0ubuntu/myrobot_ws/install/myrobot/share/myrobot/launch
[1.258s] running install_egg_info
[1.277s] removing '/home/pim0ubuntu/myrobot_ws/install/myrobot/lib/python3.12/site-packages/myrobot-0.0.0-py3.12.egg-info' (and everything under it)
[1.281s] Copying ../../build/myrobot/myrobot.egg-info to /home/pim0ubuntu/myrobot_ws/install/myrobot/lib/python3.12/site-packages/myrobot-0.0.0-py3.12.egg-info
[1.281s] running install_scripts
[1.408s] Installing send_move script to /home/pim0ubuntu/myrobot_ws/install/myrobot/lib/myrobot
[1.408s] Installing state_publisher script to /home/pim0ubuntu/myrobot_ws/install/myrobot/lib/myrobot
[1.409s] writing list of installed files to '/home/pim0ubuntu/myrobot_ws/build/myrobot/install.log'
[1.459s] Invoked command in '/home/pim0ubuntu/myrobot_ws/src/myrobot' returned '0': DEBUGINFOD_URLS=https://debuginfod.ubuntu.com PYTHONPATH=/home/pim0ubuntu/myrobot_ws/build/myrobot/prefix_override:/usr/lib/python3/dist-packages/colcon_core/task/python/colcon_distutils_commands:/home/pim0ubuntu/myrobot_ws/install/myrobot/lib/python3.12/site-packages:${PYTHONPATH} /usr/bin/python3 -W ignore:setup.py install is deprecated -W ignore:easy_install command is deprecated setup.py egg_info --egg-base ../../build/myrobot build --build-base /home/pim0ubuntu/myrobot_ws/build/myrobot/build install --record /home/pim0ubuntu/myrobot_ws/build/myrobot/install.log --single-version-externally-managed install_data
