[0.735s] Invoking command in '/home/pim0ubuntu/myrobot_ws/src/myrobot': DEBUGINFOD_URLS=https://debuginfod.ubuntu.com PYTHONPATH=/home/pim0ubuntu/myrobot_ws/build/myrobot/prefix_override:/usr/lib/python3/dist-packages/colcon_core/task/python/colcon_distutils_commands:/home/pim0ubuntu/myrobot_ws/install/myrobot/lib/python3.12/site-packages:${PYTHONPATH} /usr/bin/python3 -W ignore:setup.py install is deprecated -W ignore:easy_install command is deprecated setup.py egg_info --egg-base ../../build/myrobot build --build-base /home/pim0ubuntu/myrobot_ws/build/myrobot/build install --record /home/pim0ubuntu/myrobot_ws/build/myrobot/install.log --single-version-externally-managed install_data
[0.976s] running egg_info
[0.993s] writing ../../build/myrobot/myrobot.egg-info/PKG-INFO
[0.993s] writing dependency_links to ../../build/myrobot/myrobot.egg-info/dependency_links.txt
[0.993s] writing entry points to ../../build/myrobot/myrobot.egg-info/entry_points.txt
[0.994s] writing requirements to ../../build/myrobot/myrobot.egg-info/requires.txt
[0.994s] writing top-level names to ../../build/myrobot/myrobot.egg-info/top_level.txt
[1.033s] reading manifest file '../../build/myrobot/myrobot.egg-info/SOURCES.txt'
[1.034s] writing manifest file '../../build/myrobot/myrobot.egg-info/SOURCES.txt'
[1.034s] running build
[1.034s] running build_py
[1.034s] copying myrobot/state_publisher.py -> /home/pim0ubuntu/myrobot_ws/build/myrobot/build/lib/myrobot
[1.034s] running install
[1.040s] running install_lib
[1.057s] copying /home/pim0ubuntu/myrobot_ws/build/myrobot/build/lib/myrobot/state_publisher.py -> /home/pim0ubuntu/myrobot_ws/install/myrobot/lib/python3.12/site-packages/myrobot
[1.058s] byte-compiling /home/pim0ubuntu/myrobot_ws/install/myrobot/lib/python3.12/site-packages/myrobot/state_publisher.py to state_publisher.cpython-312.pyc
[1.059s] running install_data
[1.059s] copying urdf/robot.urdf.xacro -> /home/pim0ubuntu/myrobot_ws/install/myrobot/share/myrobot/urdf
[1.059s] running install_egg_info
[1.078s] removing '/home/pim0ubuntu/myrobot_ws/install/myrobot/lib/python3.12/site-packages/myrobot-0.0.0-py3.12.egg-info' (and everything under it)
[1.080s] Copying ../../build/myrobot/myrobot.egg-info to /home/pim0ubuntu/myrobot_ws/install/myrobot/lib/python3.12/site-packages/myrobot-0.0.0-py3.12.egg-info
[1.080s] running install_scripts
[1.194s] Installing state_publisher script to /home/pim0ubuntu/myrobot_ws/install/myrobot/lib/myrobot
[1.194s] writing list of installed files to '/home/pim0ubuntu/myrobot_ws/build/myrobot/install.log'
[1.223s] Invoked command in '/home/pim0ubuntu/myrobot_ws/src/myrobot' returned '0': DEBUGINFOD_URLS=https://debuginfod.ubuntu.com PYTHONPATH=/home/pim0ubuntu/myrobot_ws/build/myrobot/prefix_override:/usr/lib/python3/dist-packages/colcon_core/task/python/colcon_distutils_commands:/home/pim0ubuntu/myrobot_ws/install/myrobot/lib/python3.12/site-packages:${PYTHONPATH} /usr/bin/python3 -W ignore:setup.py install is deprecated -W ignore:easy_install command is deprecated setup.py egg_info --egg-base ../../build/myrobot build --build-base /home/pim0ubuntu/myrobot_ws/build/myrobot/build install --record /home/pim0ubuntu/myrobot_ws/build/myrobot/install.log --single-version-externally-managed install_data
