[0.671s] Invoking command in '/home/pim0ubuntu/myrobot_ws/src/myrobot': DEBUGINFOD_URLS=https://debuginfod.ubuntu.com PYTHONPATH=/home/pim0ubuntu/myrobot_ws/src/build/myrobot/prefix_override:/usr/lib/python3/dist-packages/colcon_core/task/python/colcon_distutils_commands:/home/pim0ubuntu/myrobot_ws/src/install/myrobot/lib/python3.12/site-packages:${PYTHONPATH} /usr/bin/python3 -W ignore:setup.py install is deprecated -W ignore:easy_install command is deprecated setup.py egg_info --egg-base ../build/myrobot build --build-base /home/pim0ubuntu/myrobot_ws/src/build/myrobot/build install --record /home/pim0ubuntu/myrobot_ws/src/build/myrobot/install.log --single-version-externally-managed install_data
[0.875s] running egg_info
[0.877s] creating ../build/myrobot/myrobot.egg-info
[0.891s] writing ../build/myrobot/myrobot.egg-info/PKG-INFO
[0.891s] writing dependency_links to ../build/myrobot/myrobot.egg-info/dependency_links.txt
[0.891s] writing requirements to ../build/myrobot/myrobot.egg-info/requires.txt
[0.892s] writing top-level names to ../build/myrobot/myrobot.egg-info/top_level.txt
[0.893s] writing manifest file '../build/myrobot/myrobot.egg-info/SOURCES.txt'
[0.921s] reading manifest file '../build/myrobot/myrobot.egg-info/SOURCES.txt'
[0.922s] writing manifest file '../build/myrobot/myrobot.egg-info/SOURCES.txt'
[0.922s] running build
[0.922s] running build_py
[0.922s] creating /home/pim0ubuntu/myrobot_ws/src/build/myrobot/build
[0.922s] creating /home/pim0ubuntu/myrobot_ws/src/build/myrobot/build/lib
[0.922s] creating /home/pim0ubuntu/myrobot_ws/src/build/myrobot/build/lib/myrobot
[0.922s] copying myrobot/__init__.py -> /home/pim0ubuntu/myrobot_ws/src/build/myrobot/build/lib/myrobot
[0.922s] running install
[0.927s] running install_lib
[0.943s] creating /home/pim0ubuntu/myrobot_ws/src/install/myrobot/lib/python3.12/site-packages/myrobot
[0.943s] copying /home/pim0ubuntu/myrobot_ws/src/build/myrobot/build/lib/myrobot/__init__.py -> /home/pim0ubuntu/myrobot_ws/src/install/myrobot/lib/python3.12/site-packages/myrobot
[0.943s] byte-compiling /home/pim0ubuntu/myrobot_ws/src/install/myrobot/lib/python3.12/site-packages/myrobot/__init__.py to __init__.cpython-312.pyc
[0.943s] running install_data
[0.944s] creating /home/pim0ubuntu/myrobot_ws/src/install/myrobot/share/ament_index
[0.944s] creating /home/pim0ubuntu/myrobot_ws/src/install/myrobot/share/ament_index/resource_index
[0.944s] creating /home/pim0ubuntu/myrobot_ws/src/install/myrobot/share/ament_index/resource_index/packages
[0.944s] copying resource/myrobot -> /home/pim0ubuntu/myrobot_ws/src/install/myrobot/share/ament_index/resource_index/packages
[0.944s] copying package.xml -> /home/pim0ubuntu/myrobot_ws/src/install/myrobot/share/myrobot
[0.944s] running install_egg_info
[0.961s] Copying ../build/myrobot/myrobot.egg-info to /home/pim0ubuntu/myrobot_ws/src/install/myrobot/lib/python3.12/site-packages/myrobot-0.0.0-py3.12.egg-info
[0.962s] running install_scripts
[1.068s] writing list of installed files to '/home/pim0ubuntu/myrobot_ws/src/build/myrobot/install.log'
[1.096s] Invoked command in '/home/pim0ubuntu/myrobot_ws/src/myrobot' returned '0': DEBUGINFOD_URLS=https://debuginfod.ubuntu.com PYTHONPATH=/home/pim0ubuntu/myrobot_ws/src/build/myrobot/prefix_override:/usr/lib/python3/dist-packages/colcon_core/task/python/colcon_distutils_commands:/home/pim0ubuntu/myrobot_ws/src/install/myrobot/lib/python3.12/site-packages:${PYTHONPATH} /usr/bin/python3 -W ignore:setup.py install is deprecated -W ignore:easy_install command is deprecated setup.py egg_info --egg-base ../build/myrobot build --build-base /home/pim0ubuntu/myrobot_ws/src/build/myrobot/build install --record /home/pim0ubuntu/myrobot_ws/src/build/myrobot/install.log --single-version-externally-managed install_data
