[0.916s] Invoking command in '/home/pim0ubuntu/myrobot_ws/src/myrobot': DEBUGINFOD_URLS=https://debuginfod.ubuntu.com PYTHONPATH=/home/pim0ubuntu/myrobot_ws/build/myrobot/prefix_override:/usr/lib/python3/dist-packages/colcon_core/task/python/colcon_distutils_commands:/home/pim0ubuntu/myrobot_ws/install/myrobot/lib/python3.12/site-packages:${PYTHONPATH} /usr/bin/python3 -W ignore:setup.py install is deprecated -W ignore:easy_install command is deprecated setup.py egg_info --egg-base ../../build/myrobot build --build-base /home/pim0ubuntu/myrobot_ws/build/myrobot/build install --record /home/pim0ubuntu/myrobot_ws/build/myrobot/install.log --single-version-externally-managed install_data
[1.174s] running egg_info
[1.194s] writing ../../build/myrobot/myrobot.egg-info/PKG-INFO
[1.194s] writing dependency_links to ../../build/myrobot/myrobot.egg-info/dependency_links.txt
[1.195s] writing entry points to ../../build/myrobot/myrobot.egg-info/entry_points.txt
[1.195s] writing requirements to ../../build/myrobot/myrobot.egg-info/requires.txt
[1.195s] writing top-level names to ../../build/myrobot/myrobot.egg-info/top_level.txt
[1.232s] reading manifest file '../../build/myrobot/myrobot.egg-info/SOURCES.txt'
[1.233s] writing manifest file '../../build/myrobot/myrobot.egg-info/SOURCES.txt'
[1.233s] running build
[1.233s] running build_py
[1.233s] running install
[1.240s] running install_lib
[1.262s] running install_data
[1.262s] copying launch/operate.launch.py -> /home/pim0ubuntu/myrobot_ws/install/myrobot/share/myrobot/launch
[1.263s] copying config/controller.yaml -> /home/pim0ubuntu/myrobot_ws/install/myrobot/share/myrobot/config
[1.263s] running install_egg_info
[1.288s] removing '/home/pim0ubuntu/myrobot_ws/install/myrobot/lib/python3.12/site-packages/myrobot-0.0.0-py3.12.egg-info' (and everything under it)
[1.289s] Copying ../../build/myrobot/myrobot.egg-info to /home/pim0ubuntu/myrobot_ws/install/myrobot/lib/python3.12/site-packages/myrobot-0.0.0-py3.12.egg-info
[1.289s] running install_scripts
[1.421s] Installing send_move script to /home/pim0ubuntu/myrobot_ws/install/myrobot/lib/myrobot
[1.421s] Installing state_publisher script to /home/pim0ubuntu/myrobot_ws/install/myrobot/lib/myrobot
[1.422s] writing list of installed files to '/home/pim0ubuntu/myrobot_ws/build/myrobot/install.log'
[1.466s] Invoked command in '/home/pim0ubuntu/myrobot_ws/src/myrobot' returned '0': DEBUGINFOD_URLS=https://debuginfod.ubuntu.com PYTHONPATH=/home/pim0ubuntu/myrobot_ws/build/myrobot/prefix_override:/usr/lib/python3/dist-packages/colcon_core/task/python/colcon_distutils_commands:/home/pim0ubuntu/myrobot_ws/install/myrobot/lib/python3.12/site-packages:${PYTHONPATH} /usr/bin/python3 -W ignore:setup.py install is deprecated -W ignore:easy_install command is deprecated setup.py egg_info --egg-base ../../build/myrobot build --build-base /home/pim0ubuntu/myrobot_ws/build/myrobot/build install --record /home/pim0ubuntu/myrobot_ws/build/myrobot/install.log --single-version-externally-managed install_data
