[0.721s] Invoking command in '/home/pim0ubuntu/myrobot_ws/src/myrobot': DEBUGINFOD_URLS=https://debuginfod.ubuntu.com PYTHONPATH=/home/pim0ubuntu/myrobot_ws/build/myrobot/prefix_override:/usr/lib/python3/dist-packages/colcon_core/task/python/colcon_distutils_commands:/home/pim0ubuntu/myrobot_ws/install/myrobot/lib/python3.12/site-packages:${PYTHONPATH} /usr/bin/python3 -W ignore:setup.py install is deprecated -W ignore:easy_install command is deprecated setup.py egg_info --egg-base ../../build/myrobot build --build-base /home/pim0ubuntu/myrobot_ws/build/myrobot/build install --record /home/pim0ubuntu/myrobot_ws/build/myrobot/install.log --single-version-externally-managed install_data
[0.944s] running egg_info
[0.962s] writing ../../build/myrobot/myrobot.egg-info/PKG-INFO
[0.962s] writing dependency_links to ../../build/myrobot/myrobot.egg-info/dependency_links.txt
[0.962s] writing entry points to ../../build/myrobot/myrobot.egg-info/entry_points.txt
[0.963s] writing requirements to ../../build/myrobot/myrobot.egg-info/requires.txt
[0.963s] writing top-level names to ../../build/myrobot/myrobot.egg-info/top_level.txt
[0.996s] reading manifest file '../../build/myrobot/myrobot.egg-info/SOURCES.txt'
[0.996s] writing manifest file '../../build/myrobot/myrobot.egg-info/SOURCES.txt'
[0.996s] running build
[0.996s] running build_py
[0.997s] copying myrobot/state_publisher.py -> /home/pim0ubuntu/myrobot_ws/build/myrobot/build/lib/myrobot
[0.997s] running install
[1.001s] running install_lib
[1.018s] copying /home/pim0ubuntu/myrobot_ws/build/myrobot/build/lib/myrobot/state_publisher.py -> /home/pim0ubuntu/myrobot_ws/install/myrobot/lib/python3.12/site-packages/myrobot
[1.018s] byte-compiling /home/pim0ubuntu/myrobot_ws/install/myrobot/lib/python3.12/site-packages/myrobot/state_publisher.py to state_publisher.cpython-312.pyc
[1.019s] running install_data
[1.020s] running install_egg_info
[1.037s] removing '/home/pim0ubuntu/myrobot_ws/install/myrobot/lib/python3.12/site-packages/myrobot-0.0.0-py3.12.egg-info' (and everything under it)
[1.039s] Copying ../../build/myrobot/myrobot.egg-info to /home/pim0ubuntu/myrobot_ws/install/myrobot/lib/python3.12/site-packages/myrobot-0.0.0-py3.12.egg-info
[1.040s] running install_scripts
[1.155s] Installing state_publisher script to /home/pim0ubuntu/myrobot_ws/install/myrobot/lib/myrobot
[1.155s] writing list of installed files to '/home/pim0ubuntu/myrobot_ws/build/myrobot/install.log'
[1.188s] Invoked command in '/home/pim0ubuntu/myrobot_ws/src/myrobot' returned '0': DEBUGINFOD_URLS=https://debuginfod.ubuntu.com PYTHONPATH=/home/pim0ubuntu/myrobot_ws/build/myrobot/prefix_override:/usr/lib/python3/dist-packages/colcon_core/task/python/colcon_distutils_commands:/home/pim0ubuntu/myrobot_ws/install/myrobot/lib/python3.12/site-packages:${PYTHONPATH} /usr/bin/python3 -W ignore:setup.py install is deprecated -W ignore:easy_install command is deprecated setup.py egg_info --egg-base ../../build/myrobot build --build-base /home/pim0ubuntu/myrobot_ws/build/myrobot/build install --record /home/pim0ubuntu/myrobot_ws/build/myrobot/install.log --single-version-externally-managed install_data
