[0.226s] Invoking command in '/home/pim0ubuntu/myrobot_ws/build/topic_based_ros2_control': CMAKE_PREFIX_PATH=${CMAKE_PREFIX_PATH}:/home/pim0ubuntu/myrobot_ws/install/myrobot:/home/pim0ubuntu/myrobot_ws/src/install/myrobot:/home/pim0ubuntu/ros2_ws/install/launch_testing_examples:/home/pim0ubuntu/ros2_ws/install/examples_rclpy_pointcloud_publisher:/home/pim0ubuntu/ros2_ws/install/examples_rclpy_minimal_subscriber:/home/pim0ubuntu/ros2_ws/install/examples_rclpy_minimal_service:/home/pim0ubuntu/ros2_ws/install/examples_rclpy_minimal_publisher:/home/pim0ubuntu/ros2_ws/install/examples_rclpy_minimal_client:/home/pim0ubuntu/ros2_ws/install/examples_rclpy_minimal_action_server:/home/pim0ubuntu/ros2_ws/install/examples_rclpy_minimal_action_client:/home/pim0ubuntu/ros2_ws/install/examples_rclpy_guard_conditions:/home/pim0ubuntu/ros2_ws/install/examples_rclpy_executors:/opt/ros/jazzy DEBUGINFOD_URLS=https://debuginfod.ubuntu.com /usr/bin/cmake --build /home/pim0ubuntu/myrobot_ws/build/topic_based_ros2_control -- -j4 -l4
[0.295s] [ 25%] Built target gtest_main
[0.296s] [ 50%] Built target gtest
[0.303s] [ 75%] Built target topic_based_ros2_control
[0.334s] [100%] Built target topic_based_system_test
[0.350s] Invoked command in '/home/pim0ubuntu/myrobot_ws/build/topic_based_ros2_control' returned '0': CMAKE_PREFIX_PATH=${CMAKE_PREFIX_PATH}:/home/pim0ubuntu/myrobot_ws/install/myrobot:/home/pim0ubuntu/myrobot_ws/src/install/myrobot:/home/pim0ubuntu/ros2_ws/install/launch_testing_examples:/home/pim0ubuntu/ros2_ws/install/examples_rclpy_pointcloud_publisher:/home/pim0ubuntu/ros2_ws/install/examples_rclpy_minimal_subscriber:/home/pim0ubuntu/ros2_ws/install/examples_rclpy_minimal_service:/home/pim0ubuntu/ros2_ws/install/examples_rclpy_minimal_publisher:/home/pim0ubuntu/ros2_ws/install/examples_rclpy_minimal_client:/home/pim0ubuntu/ros2_ws/install/examples_rclpy_minimal_action_server:/home/pim0ubuntu/ros2_ws/install/examples_rclpy_minimal_action_client:/home/pim0ubuntu/ros2_ws/install/examples_rclpy_guard_conditions:/home/pim0ubuntu/ros2_ws/install/examples_rclpy_executors:/opt/ros/jazzy DEBUGINFOD_URLS=https://debuginfod.ubuntu.com /usr/bin/cmake --build /home/pim0ubuntu/myrobot_ws/build/topic_based_ros2_control -- -j4 -l4
[0.362s] Invoking command in '/home/pim0ubuntu/myrobot_ws/build/topic_based_ros2_control': CMAKE_PREFIX_PATH=${CMAKE_PREFIX_PATH}:/home/pim0ubuntu/myrobot_ws/install/myrobot:/home/pim0ubuntu/myrobot_ws/src/install/myrobot:/home/pim0ubuntu/ros2_ws/install/launch_testing_examples:/home/pim0ubuntu/ros2_ws/install/examples_rclpy_pointcloud_publisher:/home/pim0ubuntu/ros2_ws/install/examples_rclpy_minimal_subscriber:/home/pim0ubuntu/ros2_ws/install/examples_rclpy_minimal_service:/home/pim0ubuntu/ros2_ws/install/examples_rclpy_minimal_publisher:/home/pim0ubuntu/ros2_ws/install/examples_rclpy_minimal_client:/home/pim0ubuntu/ros2_ws/install/examples_rclpy_minimal_action_server:/home/pim0ubuntu/ros2_ws/install/examples_rclpy_minimal_action_client:/home/pim0ubuntu/ros2_ws/install/examples_rclpy_guard_conditions:/home/pim0ubuntu/ros2_ws/install/examples_rclpy_executors:/opt/ros/jazzy DEBUGINFOD_URLS=https://debuginfod.ubuntu.com /usr/bin/cmake --install /home/pim0ubuntu/myrobot_ws/build/topic_based_ros2_control
[0.371s] -- Install configuration: ""
[0.374s] -- Up-to-date: /home/pim0ubuntu/myrobot_ws/install/topic_based_ros2_control/lib/libtopic_based_ros2_control.so
[0.374s] -- Up-to-date: /home/pim0ubuntu/myrobot_ws/install/topic_based_ros2_control/share/topic_based_ros2_control/topic_based_ros2_control_plugin_description.xml
[0.374s] -- Up-to-date: /home/pim0ubuntu/myrobot_ws/install/topic_based_ros2_control/share/topic_based_ros2_control/environment/library_path.sh
[0.374s] -- Up-to-date: /home/pim0ubuntu/myrobot_ws/install/topic_based_ros2_control/share/topic_based_ros2_control/environment/library_path.dsv
[0.374s] -- Up-to-date: /home/pim0ubuntu/myrobot_ws/install/topic_based_ros2_control/share/ament_index/resource_index/package_run_dependencies/topic_based_ros2_control
[0.374s] -- Up-to-date: /home/pim0ubuntu/myrobot_ws/install/topic_based_ros2_control/share/ament_index/resource_index/parent_prefix_path/topic_based_ros2_control
[0.374s] -- Up-to-date: /home/pim0ubuntu/myrobot_ws/install/topic_based_ros2_control/share/topic_based_ros2_control/environment/ament_prefix_path.sh
[0.374s] -- Up-to-date: /home/pim0ubuntu/myrobot_ws/install/topic_based_ros2_control/share/topic_based_ros2_control/environment/ament_prefix_path.dsv
[0.374s] -- Up-to-date: /home/pim0ubuntu/myrobot_ws/install/topic_based_ros2_control/share/topic_based_ros2_control/environment/path.sh
[0.374s] -- Up-to-date: /home/pim0ubuntu/myrobot_ws/install/topic_based_ros2_control/share/topic_based_ros2_control/environment/path.dsv
[0.374s] -- Up-to-date: /home/pim0ubuntu/myrobot_ws/install/topic_based_ros2_control/share/topic_based_ros2_control/local_setup.bash
[0.374s] -- Up-to-date: /home/pim0ubuntu/myrobot_ws/install/topic_based_ros2_control/share/topic_based_ros2_control/local_setup.sh
[0.375s] -- Up-to-date: /home/pim0ubuntu/myrobot_ws/install/topic_based_ros2_control/share/topic_based_ros2_control/local_setup.zsh
[0.375s] -- Up-to-date: /home/pim0ubuntu/myrobot_ws/install/topic_based_ros2_control/share/topic_based_ros2_control/local_setup.dsv
[0.375s] -- Installing: /home/pim0ubuntu/myrobot_ws/install/topic_based_ros2_control/share/topic_based_ros2_control/package.dsv
[0.375s] -- Up-to-date: /home/pim0ubuntu/myrobot_ws/install/topic_based_ros2_control/share/ament_index/resource_index/packages/topic_based_ros2_control
[0.375s] -- Up-to-date: /home/pim0ubuntu/myrobot_ws/install/topic_based_ros2_control/share/ament_index/resource_index/hardware_interface__pluginlib__plugin/topic_based_ros2_control
[0.375s] -- Up-to-date: /home/pim0ubuntu/myrobot_ws/install/topic_based_ros2_control/share/topic_based_ros2_control/cmake/topic_based_ros2_controlTargetsExport.cmake
[0.375s] -- Up-to-date: /home/pim0ubuntu/myrobot_ws/install/topic_based_ros2_control/share/topic_based_ros2_control/cmake/topic_based_ros2_controlTargetsExport-noconfig.cmake
[0.375s] -- Up-to-date: /home/pim0ubuntu/myrobot_ws/install/topic_based_ros2_control/share/topic_based_ros2_control/cmake/ament_cmake_export_targets-extras.cmake
[0.375s] -- Up-to-date: /home/pim0ubuntu/myrobot_ws/install/topic_based_ros2_control/share/topic_based_ros2_control/cmake/ament_cmake_export_dependencies-extras.cmake
[0.375s] -- Up-to-date: /home/pim0ubuntu/myrobot_ws/install/topic_based_ros2_control/share/topic_based_ros2_control/cmake/topic_based_ros2_controlConfig.cmake
[0.375s] -- Up-to-date: /home/pim0ubuntu/myrobot_ws/install/topic_based_ros2_control/share/topic_based_ros2_control/cmake/topic_based_ros2_controlConfig-version.cmake
[0.375s] -- Up-to-date: /home/pim0ubuntu/myrobot_ws/install/topic_based_ros2_control/share/topic_based_ros2_control/package.xml
[0.377s] Invoked command in '/home/pim0ubuntu/myrobot_ws/build/topic_based_ros2_control' returned '0': CMAKE_PREFIX_PATH=${CMAKE_PREFIX_PATH}:/home/pim0ubuntu/myrobot_ws/install/myrobot:/home/pim0ubuntu/myrobot_ws/src/install/myrobot:/home/pim0ubuntu/ros2_ws/install/launch_testing_examples:/home/pim0ubuntu/ros2_ws/install/examples_rclpy_pointcloud_publisher:/home/pim0ubuntu/ros2_ws/install/examples_rclpy_minimal_subscriber:/home/pim0ubuntu/ros2_ws/install/examples_rclpy_minimal_service:/home/pim0ubuntu/ros2_ws/install/examples_rclpy_minimal_publisher:/home/pim0ubuntu/ros2_ws/install/examples_rclpy_minimal_client:/home/pim0ubuntu/ros2_ws/install/examples_rclpy_minimal_action_server:/home/pim0ubuntu/ros2_ws/install/examples_rclpy_minimal_action_client:/home/pim0ubuntu/ros2_ws/install/examples_rclpy_guard_conditions:/home/pim0ubuntu/ros2_ws/install/examples_rclpy_executors:/opt/ros/jazzy DEBUGINFOD_URLS=https://debuginfod.ubuntu.com /usr/bin/cmake --install /home/pim0ubuntu/myrobot_ws/build/topic_based_ros2_control
