[0.798s] Invoking command in '/home/pim0ubuntu/myrobot_ws/src/myrobot': DEBUGINFOD_URLS=https://debuginfod.ubuntu.com PYTHONPATH=/home/pim0ubuntu/myrobot_ws/build/myrobot/prefix_override:/usr/lib/python3/dist-packages/colcon_core/task/python/colcon_distutils_commands:/home/pim0ubuntu/myrobot_ws/install/myrobot/lib/python3.12/site-packages:${PYTHONPATH} /usr/bin/python3 -W ignore:setup.py install is deprecated -W ignore:easy_install command is deprecated setup.py egg_info --egg-base ../../build/myrobot build --build-base /home/pim0ubuntu/myrobot_ws/build/myrobot/build install --record /home/pim0ubuntu/myrobot_ws/build/myrobot/install.log --single-version-externally-managed install_data
[1.052s] running egg_info
[1.068s] writing ../../build/myrobot/myrobot.egg-info/PKG-INFO
[1.068s] writing dependency_links to ../../build/myrobot/myrobot.egg-info/dependency_links.txt
[1.068s] writing entry points to ../../build/myrobot/myrobot.egg-info/entry_points.txt
[1.069s] writing requirements to ../../build/myrobot/myrobot.egg-info/requires.txt
[1.069s] writing top-level names to ../../build/myrobot/myrobot.egg-info/top_level.txt
[1.106s] reading manifest file '../../build/myrobot/myrobot.egg-info/SOURCES.txt'
[1.107s] writing manifest file '../../build/myrobot/myrobot.egg-info/SOURCES.txt'
[1.107s] running build
[1.107s] running build_py
[1.108s] copying myrobot/servo_srv.py -> /home/pim0ubuntu/myrobot_ws/build/myrobot/build/lib/myrobot
[1.110s] running install
[1.116s] running install_lib
[1.137s] copying /home/pim0ubuntu/myrobot_ws/build/myrobot/build/lib/myrobot/servo_srv.py -> /home/pim0ubuntu/myrobot_ws/install/myrobot/lib/python3.12/site-packages/myrobot
[1.137s] byte-compiling /home/pim0ubuntu/myrobot_ws/install/myrobot/lib/python3.12/site-packages/myrobot/servo_srv.py to servo_srv.cpython-312.pyc
[1.139s] running install_data
[1.139s] running install_egg_info
[1.160s] removing '/home/pim0ubuntu/myrobot_ws/install/myrobot/lib/python3.12/site-packages/myrobot-0.0.0-py3.12.egg-info' (and everything under it)
[1.161s] Copying ../../build/myrobot/myrobot.egg-info to /home/pim0ubuntu/myrobot_ws/install/myrobot/lib/python3.12/site-packages/myrobot-0.0.0-py3.12.egg-info
[1.162s] running install_scripts
[1.281s] Installing send_move script to /home/pim0ubuntu/myrobot_ws/install/myrobot/lib/myrobot
[1.282s] Installing state_publisher script to /home/pim0ubuntu/myrobot_ws/install/myrobot/lib/myrobot
[1.282s] writing list of installed files to '/home/pim0ubuntu/myrobot_ws/build/myrobot/install.log'
[1.316s] Invoked command in '/home/pim0ubuntu/myrobot_ws/src/myrobot' returned '0': DEBUGINFOD_URLS=https://debuginfod.ubuntu.com PYTHONPATH=/home/pim0ubuntu/myrobot_ws/build/myrobot/prefix_override:/usr/lib/python3/dist-packages/colcon_core/task/python/colcon_distutils_commands:/home/pim0ubuntu/myrobot_ws/install/myrobot/lib/python3.12/site-packages:${PYTHONPATH} /usr/bin/python3 -W ignore:setup.py install is deprecated -W ignore:easy_install command is deprecated setup.py egg_info --egg-base ../../build/myrobot build --build-base /home/pim0ubuntu/myrobot_ws/build/myrobot/build install --record /home/pim0ubuntu/myrobot_ws/build/myrobot/install.log --single-version-externally-managed install_data
