running egg_info
writing ../../build/myrobot/myrobot.egg-info/PKG-INFO
writing dependency_links to ../../build/myrobot/myrobot.egg-info/dependency_links.txt
writing requirements to ../../build/myrobot/myrobot.egg-info/requires.txt
writing top-level names to ../../build/myrobot/myrobot.egg-info/top_level.txt
reading manifest file '../../build/myrobot/myrobot.egg-info/SOURCES.txt'
writing manifest file '../../build/myrobot/myrobot.egg-info/SOURCES.txt'
running build
running build_py
copying myrobot/__init__.py -> /home/pim0ubuntu/myrobot_ws/build/myrobot/build/lib/myrobot
running install
running install_lib
copying /home/pim0ubuntu/myrobot_ws/build/myrobot/build/lib/myrobot/__init__.py -> /home/pim0ubuntu/myrobot_ws/install/myrobot/lib/python3.12/site-packages/myrobot
byte-compiling /home/pim0ubuntu/myrobot_ws/install/myrobot/lib/python3.12/site-packages/myrobot/__init__.py to __init__.cpython-312.pyc
running install_data
copying resource/myrobot -> /home/pim0ubuntu/myrobot_ws/install/myrobot/share/ament_index/resource_index/packages
copying package.xml -> /home/pim0ubuntu/myrobot_ws/install/myrobot/share/myrobot
creating /home/pim0ubuntu/myrobot_ws/install/myrobot/share/myrobot/launch
copying launch/viewrobot.launch.py -> /home/pim0ubuntu/myrobot_ws/install/myrobot/share/myrobot/launch
creating /home/pim0ubuntu/myrobot_ws/install/myrobot/share/myrobot/urdf
copying urdf/robot.urdf -> /home/pim0ubuntu/myrobot_ws/install/myrobot/share/myrobot/urdf
running install_egg_info
removing '/home/pim0ubuntu/myrobot_ws/install/myrobot/lib/python3.12/site-packages/myrobot-0.0.0-py3.12.egg-info' (and everything under it)
Copying ../../build/myrobot/myrobot.egg-info to /home/pim0ubuntu/myrobot_ws/install/myrobot/lib/python3.12/site-packages/myrobot-0.0.0-py3.12.egg-info
running install_scripts
writing list of installed files to '/home/pim0ubuntu/myrobot_ws/build/myrobot/install.log'
