[0.672s] Invoking command in '/home/pim0ubuntu/myrobot_ws/src/myrobot': DEBUGINFOD_URLS=https://debuginfod.ubuntu.com PYTHONPATH=/home/pim0ubuntu/myrobot_ws/build/myrobot/prefix_override:/usr/lib/python3/dist-packages/colcon_core/task/python/colcon_distutils_commands:/home/pim0ubuntu/myrobot_ws/install/myrobot/lib/python3.12/site-packages:${PYTHONPATH} /usr/bin/python3 -W ignore:setup.py install is deprecated -W ignore:easy_install command is deprecated setup.py egg_info --egg-base ../../build/myrobot build --build-base /home/pim0ubuntu/myrobot_ws/build/myrobot/build install --record /home/pim0ubuntu/myrobot_ws/build/myrobot/install.log --single-version-externally-managed install_data
[0.884s] running egg_info
[0.901s] writing ../../build/myrobot/myrobot.egg-info/PKG-INFO
[0.901s] writing dependency_links to ../../build/myrobot/myrobot.egg-info/dependency_links.txt
[0.902s] writing entry points to ../../build/myrobot/myrobot.egg-info/entry_points.txt
[0.902s] writing requirements to ../../build/myrobot/myrobot.egg-info/requires.txt
[0.902s] writing top-level names to ../../build/myrobot/myrobot.egg-info/top_level.txt
[0.935s] reading manifest file '../../build/myrobot/myrobot.egg-info/SOURCES.txt'
[0.936s] writing manifest file '../../build/myrobot/myrobot.egg-info/SOURCES.txt'
[0.937s] running build
[0.937s] running build_py
[0.937s] copying myrobot/monitor_ui.py -> /home/pim0ubuntu/myrobot_ws/build/myrobot/build/lib/myrobot
[0.937s] running install
[0.943s] running install_lib
[0.959s] copying /home/pim0ubuntu/myrobot_ws/build/myrobot/build/lib/myrobot/monitor_ui.py -> /home/pim0ubuntu/myrobot_ws/install/myrobot/lib/python3.12/site-packages/myrobot
[0.960s] byte-compiling /home/pim0ubuntu/myrobot_ws/install/myrobot/lib/python3.12/site-packages/myrobot/monitor_ui.py to monitor_ui.cpython-312.pyc
[0.961s] running install_data
[0.961s] running install_egg_info
[0.979s] removing '/home/pim0ubuntu/myrobot_ws/install/myrobot/lib/python3.12/site-packages/myrobot-0.0.0-py3.12.egg-info' (and everything under it)
[0.983s] Copying ../../build/myrobot/myrobot.egg-info to /home/pim0ubuntu/myrobot_ws/install/myrobot/lib/python3.12/site-packages/myrobot-0.0.0-py3.12.egg-info
[0.983s] running install_scripts
[1.090s] Installing cam_input script to /home/pim0ubuntu/myrobot_ws/install/myrobot/lib/myrobot
[1.090s] Installing monitor_ui script to /home/pim0ubuntu/myrobot_ws/install/myrobot/lib/myrobot
[1.090s] Installing send_move script to /home/pim0ubuntu/myrobot_ws/install/myrobot/lib/myrobot
[1.090s] Installing state_publisher script to /home/pim0ubuntu/myrobot_ws/install/myrobot/lib/myrobot
[1.091s] writing list of installed files to '/home/pim0ubuntu/myrobot_ws/build/myrobot/install.log'
[1.118s] Invoked command in '/home/pim0ubuntu/myrobot_ws/src/myrobot' returned '0': DEBUGINFOD_URLS=https://debuginfod.ubuntu.com PYTHONPATH=/home/pim0ubuntu/myrobot_ws/build/myrobot/prefix_override:/usr/lib/python3/dist-packages/colcon_core/task/python/colcon_distutils_commands:/home/pim0ubuntu/myrobot_ws/install/myrobot/lib/python3.12/site-packages:${PYTHONPATH} /usr/bin/python3 -W ignore:setup.py install is deprecated -W ignore:easy_install command is deprecated setup.py egg_info --egg-base ../../build/myrobot build --build-base /home/pim0ubuntu/myrobot_ws/build/myrobot/build install --record /home/pim0ubuntu/myrobot_ws/build/myrobot/install.log --single-version-externally-managed install_data
