[0.671s] Invoking command in '/home/pim0ubuntu/myrobot_ws/src/myrobot': DEBUGINFOD_URLS=https://debuginfod.ubuntu.com PYTHONPATH=/home/pim0ubuntu/myrobot_ws/build/myrobot/prefix_override:/usr/lib/python3/dist-packages/colcon_core/task/python/colcon_distutils_commands:/home/pim0ubuntu/myrobot_ws/install/myrobot/lib/python3.12/site-packages:${PYTHONPATH} /usr/bin/python3 -W ignore:setup.py install is deprecated -W ignore:easy_install command is deprecated setup.py egg_info --egg-base ../../build/myrobot build --build-base /home/pim0ubuntu/myrobot_ws/build/myrobot/build install --record /home/pim0ubuntu/myrobot_ws/build/myrobot/install.log --single-version-externally-managed install_data
[0.889s] running egg_info
[0.906s] writing ../../build/myrobot/myrobot.egg-info/PKG-INFO
[0.906s] writing dependency_links to ../../build/myrobot/myrobot.egg-info/dependency_links.txt
[0.907s] writing entry points to ../../build/myrobot/myrobot.egg-info/entry_points.txt
[0.907s] writing requirements to ../../build/myrobot/myrobot.egg-info/requires.txt
[0.907s] writing top-level names to ../../build/myrobot/myrobot.egg-info/top_level.txt
[0.941s] reading manifest file '../../build/myrobot/myrobot.egg-info/SOURCES.txt'
[0.941s] writing manifest file '../../build/myrobot/myrobot.egg-info/SOURCES.txt'
[0.941s] running build
[0.941s] running build_py
[0.942s] copying myrobot/state_publisher.py -> /home/pim0ubuntu/myrobot_ws/build/myrobot/build/lib/myrobot
[0.942s] running install
[0.947s] running install_lib
[0.964s] copying /home/pim0ubuntu/myrobot_ws/build/myrobot/build/lib/myrobot/state_publisher.py -> /home/pim0ubuntu/myrobot_ws/install/myrobot/lib/python3.12/site-packages/myrobot
[0.965s] byte-compiling /home/pim0ubuntu/myrobot_ws/install/myrobot/lib/python3.12/site-packages/myrobot/state_publisher.py to state_publisher.cpython-312.pyc
[0.966s] running install_data
[0.966s] copying package.xml -> /home/pim0ubuntu/myrobot_ws/install/myrobot/share/myrobot
[0.966s] copying launch/viewrobot.launch.py -> /home/pim0ubuntu/myrobot_ws/install/myrobot/share/myrobot/launch
[0.966s] copying urdf/robot.urdf -> /home/pim0ubuntu/myrobot_ws/install/myrobot/share/myrobot
[0.966s] running install_egg_info
[0.983s] removing '/home/pim0ubuntu/myrobot_ws/install/myrobot/lib/python3.12/site-packages/myrobot-0.0.0-py3.12.egg-info' (and everything under it)
[0.987s] Copying ../../build/myrobot/myrobot.egg-info to /home/pim0ubuntu/myrobot_ws/install/myrobot/lib/python3.12/site-packages/myrobot-0.0.0-py3.12.egg-info
[0.987s] running install_scripts
[1.098s] Installing state_publisher script to /home/pim0ubuntu/myrobot_ws/install/myrobot/lib/myrobot
[1.098s] writing list of installed files to '/home/pim0ubuntu/myrobot_ws/build/myrobot/install.log'
[1.125s] Invoked command in '/home/pim0ubuntu/myrobot_ws/src/myrobot' returned '0': DEBUGINFOD_URLS=https://debuginfod.ubuntu.com PYTHONPATH=/home/pim0ubuntu/myrobot_ws/build/myrobot/prefix_override:/usr/lib/python3/dist-packages/colcon_core/task/python/colcon_distutils_commands:/home/pim0ubuntu/myrobot_ws/install/myrobot/lib/python3.12/site-packages:${PYTHONPATH} /usr/bin/python3 -W ignore:setup.py install is deprecated -W ignore:easy_install command is deprecated setup.py egg_info --egg-base ../../build/myrobot build --build-base /home/pim0ubuntu/myrobot_ws/build/myrobot/build install --record /home/pim0ubuntu/myrobot_ws/build/myrobot/install.log --single-version-externally-managed install_data
