[0.099s] DEBUG:colcon:Command line arguments: ['/usr/bin/colcon', 'build']
[0.099s] DEBUG:colcon:Parsed command line arguments: Namespace(log_base=None, log_level=None, verb_name='build', build_base='build', install_base='install', merge_install=False, symlink_install=False, test_result_base=None, continue_on_error=False, executor='parallel', parallel_workers=4, event_handlers=None, ignore_user_meta=False, metas=['./colcon.meta'], base_paths=['.'], packages_ignore=None, packages_ignore_regex=None, paths=None, packages_up_to=None, packages_up_to_regex=None, packages_above=None, packages_above_and_dependencies=None, packages_above_depth=None, packages_select_by_dep=None, packages_skip_by_dep=None, packages_skip_up_to=None, packages_select_build_failed=False, packages_skip_build_finished=False, packages_select_test_failures=False, packages_skip_test_passed=False, packages_select=None, packages_skip=None, packages_select_regex=None, packages_skip_regex=None, packages_start=None, packages_end=None, allow_overriding=[], cmake_args=None, cmake_target=None, cmake_target_skip_unavailable=False, cmake_clean_cache=False, cmake_clean_first=False, cmake_force_configure=False, ament_cmake_args=None, catkin_cmake_args=None, catkin_skip_building_tests=False, mixin_files=None, mixin=None, verb_parser=<colcon_mixin.mixin.mixin_argument.MixinArgumentDecorator object at 0x7726d7aaa000>, verb_extension=<colcon_core.verb.build.BuildVerb object at 0x7726d7a23da0>, main=<bound method BuildVerb.main of <colcon_core.verb.build.BuildVerb object at 0x7726d7a23da0>>, mixin_verb=('build',))
[0.135s] Level 1:colcon.colcon_core.package_discovery:discover_packages(colcon_meta) check parameters
[0.135s] Level 1:colcon.colcon_core.package_discovery:discover_packages(recursive) check parameters
[0.135s] Level 1:colcon.colcon_core.package_discovery:discover_packages(ignore) check parameters
[0.135s] Level 1:colcon.colcon_core.package_discovery:discover_packages(path) check parameters
[0.135s] Level 1:colcon.colcon_core.package_discovery:discover_packages(colcon_meta) discover
[0.135s] Level 1:colcon.colcon_core.package_discovery:discover_packages(recursive) discover
[0.135s] INFO:colcon.colcon_core.package_discovery:Crawling recursively for packages in '/home/pim0ubuntu/myrobot_ws'
[0.135s] Level 1:colcon.colcon_core.package_identification:_identify(.) by extensions ['ignore', 'ignore_ament_install']
[0.135s] Level 1:colcon.colcon_core.package_identification:_identify(.) by extension 'ignore'
[0.136s] Level 1:colcon.colcon_core.package_identification:_identify(.) by extension 'ignore_ament_install'
[0.136s] Level 1:colcon.colcon_core.package_identification:_identify(.) by extensions ['colcon_pkg']
[0.136s] Level 1:colcon.colcon_core.package_identification:_identify(.) by extension 'colcon_pkg'
[0.136s] Level 1:colcon.colcon_core.package_identification:_identify(.) by extensions ['colcon_meta']
[0.136s] Level 1:colcon.colcon_core.package_identification:_identify(.) by extension 'colcon_meta'
[0.136s] Level 1:colcon.colcon_core.package_identification:_identify(.) by extensions ['ros']
[0.136s] Level 1:colcon.colcon_core.package_identification:_identify(.) by extension 'ros'
[0.160s] Level 1:colcon.colcon_core.package_identification:_identify(.) by extensions ['cmake', 'python']
[0.160s] Level 1:colcon.colcon_core.package_identification:_identify(.) by extension 'cmake'
[0.160s] Level 1:colcon.colcon_core.package_identification:_identify(.) by extension 'python'
[0.160s] Level 1:colcon.colcon_core.package_identification:_identify(.) by extensions ['python_setup_py']
[0.160s] Level 1:colcon.colcon_core.package_identification:_identify(.) by extension 'python_setup_py'
[0.160s] Level 1:colcon.colcon_core.package_identification:_identify(build) by extensions ['ignore', 'ignore_ament_install']
[0.161s] Level 1:colcon.colcon_core.package_identification:_identify(build) by extension 'ignore'
[0.161s] Level 1:colcon.colcon_core.package_identification:_identify(build) ignored
[0.161s] Level 1:colcon.colcon_core.package_identification:_identify(install) by extensions ['ignore', 'ignore_ament_install']
[0.161s] Level 1:colcon.colcon_core.package_identification:_identify(install) by extension 'ignore'
[0.161s] Level 1:colcon.colcon_core.package_identification:_identify(install) ignored
[0.161s] Level 1:colcon.colcon_core.package_identification:_identify(log) by extensions ['ignore', 'ignore_ament_install']
[0.161s] Level 1:colcon.colcon_core.package_identification:_identify(log) by extension 'ignore'
[0.161s] Level 1:colcon.colcon_core.package_identification:_identify(log) ignored
[0.161s] Level 1:colcon.colcon_core.package_identification:_identify(src) by extensions ['ignore', 'ignore_ament_install']
[0.161s] Level 1:colcon.colcon_core.package_identification:_identify(src) by extension 'ignore'
[0.161s] Level 1:colcon.colcon_core.package_identification:_identify(src) by extension 'ignore_ament_install'
[0.161s] Level 1:colcon.colcon_core.package_identification:_identify(src) by extensions ['colcon_pkg']
[0.161s] Level 1:colcon.colcon_core.package_identification:_identify(src) by extension 'colcon_pkg'
[0.161s] Level 1:colcon.colcon_core.package_identification:_identify(src) by extensions ['colcon_meta']
[0.162s] Level 1:colcon.colcon_core.package_identification:_identify(src) by extension 'colcon_meta'
[0.162s] Level 1:colcon.colcon_core.package_identification:_identify(src) by extensions ['ros']
[0.162s] Level 1:colcon.colcon_core.package_identification:_identify(src) by extension 'ros'
[0.162s] Level 1:colcon.colcon_core.package_identification:_identify(src) by extensions ['cmake', 'python']
[0.162s] Level 1:colcon.colcon_core.package_identification:_identify(src) by extension 'cmake'
[0.162s] Level 1:colcon.colcon_core.package_identification:_identify(src) by extension 'python'
[0.162s] Level 1:colcon.colcon_core.package_identification:_identify(src) by extensions ['python_setup_py']
[0.162s] Level 1:colcon.colcon_core.package_identification:_identify(src) by extension 'python_setup_py'
[0.162s] Level 1:colcon.colcon_core.package_identification:_identify(src/build) by extensions ['ignore', 'ignore_ament_install']
[0.162s] Level 1:colcon.colcon_core.package_identification:_identify(src/build) by extension 'ignore'
[0.162s] Level 1:colcon.colcon_core.package_identification:_identify(src/build) ignored
[0.162s] Level 1:colcon.colcon_core.package_identification:_identify(src/feetech_ros2_driver) by extensions ['ignore', 'ignore_ament_install']
[0.162s] Level 1:colcon.colcon_core.package_identification:_identify(src/feetech_ros2_driver) by extension 'ignore'
[0.162s] Level 1:colcon.colcon_core.package_identification:_identify(src/feetech_ros2_driver) by extension 'ignore_ament_install'
[0.162s] Level 1:colcon.colcon_core.package_identification:_identify(src/feetech_ros2_driver) by extensions ['colcon_pkg']
[0.162s] Level 1:colcon.colcon_core.package_identification:_identify(src/feetech_ros2_driver) by extension 'colcon_pkg'
[0.162s] Level 1:colcon.colcon_core.package_identification:_identify(src/feetech_ros2_driver) by extensions ['colcon_meta']
[0.162s] Level 1:colcon.colcon_core.package_identification:_identify(src/feetech_ros2_driver) by extension 'colcon_meta'
[0.162s] Level 1:colcon.colcon_core.package_identification:_identify(src/feetech_ros2_driver) by extensions ['ros']
[0.162s] Level 1:colcon.colcon_core.package_identification:_identify(src/feetech_ros2_driver) by extension 'ros'
[0.165s] DEBUG:colcon.colcon_core.package_identification:Package 'src/feetech_ros2_driver' with type 'ros.ament_cmake' and name 'feetech_ros2_driver'
[0.165s] Level 1:colcon.colcon_core.package_identification:_identify(src/install) by extensions ['ignore', 'ignore_ament_install']
[0.165s] Level 1:colcon.colcon_core.package_identification:_identify(src/install) by extension 'ignore'
[0.165s] Level 1:colcon.colcon_core.package_identification:_identify(src/install) ignored
[0.165s] Level 1:colcon.colcon_core.package_identification:_identify(src/log) by extensions ['ignore', 'ignore_ament_install']
[0.165s] Level 1:colcon.colcon_core.package_identification:_identify(src/log) by extension 'ignore'
[0.165s] Level 1:colcon.colcon_core.package_identification:_identify(src/log) ignored
[0.165s] Level 1:colcon.colcon_core.package_identification:_identify(src/myrobot) by extensions ['ignore', 'ignore_ament_install']
[0.165s] Level 1:colcon.colcon_core.package_identification:_identify(src/myrobot) by extension 'ignore'
[0.165s] Level 1:colcon.colcon_core.package_identification:_identify(src/myrobot) by extension 'ignore_ament_install'
[0.165s] Level 1:colcon.colcon_core.package_identification:_identify(src/myrobot) by extensions ['colcon_pkg']
[0.165s] Level 1:colcon.colcon_core.package_identification:_identify(src/myrobot) by extension 'colcon_pkg'
[0.165s] Level 1:colcon.colcon_core.package_identification:_identify(src/myrobot) by extensions ['colcon_meta']
[0.165s] Level 1:colcon.colcon_core.package_identification:_identify(src/myrobot) by extension 'colcon_meta'
[0.165s] Level 1:colcon.colcon_core.package_identification:_identify(src/myrobot) by extensions ['ros']
[0.165s] Level 1:colcon.colcon_core.package_identification:_identify(src/myrobot) by extension 'ros'
[0.166s] DEBUG:colcon.colcon_core.package_identification:Package 'src/myrobot' with type 'ros.ament_python' and name 'myrobot'
[0.166s] Level 1:colcon.colcon_core.package_discovery:discover_packages(recursive) using defaults
[0.166s] Level 1:colcon.colcon_core.package_discovery:discover_packages(ignore) discover
[0.166s] Level 1:colcon.colcon_core.package_discovery:discover_packages(ignore) using defaults
[0.166s] Level 1:colcon.colcon_core.package_discovery:discover_packages(path) discover
[0.166s] Level 1:colcon.colcon_core.package_discovery:discover_packages(path) using defaults
[0.183s] Level 1:colcon.colcon_core.package_discovery:discover_packages(prefix_path) check parameters
[0.183s] Level 1:colcon.colcon_core.package_discovery:discover_packages(prefix_path) discover
[0.185s] DEBUG:colcon.colcon_installed_package_information.package_discovery:Found 2 installed packages in /home/pim0ubuntu/myrobot_ws/install
[0.186s] DEBUG:colcon.colcon_installed_package_information.package_discovery:Found 1 installed packages in /home/pim0ubuntu/myrobot_ws/src/install
[0.187s] DEBUG:colcon.colcon_installed_package_information.package_discovery:Found 25 installed packages in /home/pim0ubuntu/ros2_ws/install
[0.188s] DEBUG:colcon.colcon_installed_package_information.package_discovery:Found 356 installed packages in /opt/ros/jazzy
[0.191s] Level 1:colcon.colcon_core.package_discovery:discover_packages(prefix_path) using defaults
[0.245s] Level 5:colcon.colcon_core.verb:set package 'feetech_ros2_driver' build argument 'cmake_args' from command line to 'None'
[0.245s] Level 5:colcon.colcon_core.verb:set package 'feetech_ros2_driver' build argument 'cmake_target' from command line to 'None'
[0.245s] Level 5:colcon.colcon_core.verb:set package 'feetech_ros2_driver' build argument 'cmake_target_skip_unavailable' from command line to 'False'
[0.245s] Level 5:colcon.colcon_core.verb:set package 'feetech_ros2_driver' build argument 'cmake_clean_cache' from command line to 'False'
[0.245s] Level 5:colcon.colcon_core.verb:set package 'feetech_ros2_driver' build argument 'cmake_clean_first' from command line to 'False'
[0.245s] Level 5:colcon.colcon_core.verb:set package 'feetech_ros2_driver' build argument 'cmake_force_configure' from command line to 'False'
[0.245s] Level 5:colcon.colcon_core.verb:set package 'feetech_ros2_driver' build argument 'ament_cmake_args' from command line to 'None'
[0.245s] Level 5:colcon.colcon_core.verb:set package 'feetech_ros2_driver' build argument 'catkin_cmake_args' from command line to 'None'
[0.245s] Level 5:colcon.colcon_core.verb:set package 'feetech_ros2_driver' build argument 'catkin_skip_building_tests' from command line to 'False'
[0.245s] DEBUG:colcon.colcon_core.verb:Building package 'feetech_ros2_driver' with the following arguments: {'ament_cmake_args': None, 'build_base': '/home/pim0ubuntu/myrobot_ws/build/feetech_ros2_driver', 'catkin_cmake_args': None, 'catkin_skip_building_tests': False, 'cmake_args': None, 'cmake_clean_cache': False, 'cmake_clean_first': False, 'cmake_force_configure': False, 'cmake_target': None, 'cmake_target_skip_unavailable': False, 'install_base': '/home/pim0ubuntu/myrobot_ws/install/feetech_ros2_driver', 'merge_install': False, 'path': '/home/pim0ubuntu/myrobot_ws/src/feetech_ros2_driver', 'symlink_install': False, 'test_result_base': None}
[0.246s] Level 5:colcon.colcon_core.verb:set package 'myrobot' build argument 'cmake_args' from command line to 'None'
[0.246s] Level 5:colcon.colcon_core.verb:set package 'myrobot' build argument 'cmake_target' from command line to 'None'
[0.246s] Level 5:colcon.colcon_core.verb:set package 'myrobot' build argument 'cmake_target_skip_unavailable' from command line to 'False'
[0.246s] Level 5:colcon.colcon_core.verb:set package 'myrobot' build argument 'cmake_clean_cache' from command line to 'False'
[0.246s] Level 5:colcon.colcon_core.verb:set package 'myrobot' build argument 'cmake_clean_first' from command line to 'False'
[0.246s] Level 5:colcon.colcon_core.verb:set package 'myrobot' build argument 'cmake_force_configure' from command line to 'False'
[0.246s] Level 5:colcon.colcon_core.verb:set package 'myrobot' build argument 'ament_cmake_args' from command line to 'None'
[0.246s] Level 5:colcon.colcon_core.verb:set package 'myrobot' build argument 'catkin_cmake_args' from command line to 'None'
[0.246s] Level 5:colcon.colcon_core.verb:set package 'myrobot' build argument 'catkin_skip_building_tests' from command line to 'False'
[0.246s] DEBUG:colcon.colcon_core.verb:Building package 'myrobot' with the following arguments: {'ament_cmake_args': None, 'build_base': '/home/pim0ubuntu/myrobot_ws/build/myrobot', 'catkin_cmake_args': None, 'catkin_skip_building_tests': False, 'cmake_args': None, 'cmake_clean_cache': False, 'cmake_clean_first': False, 'cmake_force_configure': False, 'cmake_target': None, 'cmake_target_skip_unavailable': False, 'install_base': '/home/pim0ubuntu/myrobot_ws/install/myrobot', 'merge_install': False, 'path': '/home/pim0ubuntu/myrobot_ws/src/myrobot', 'symlink_install': False, 'test_result_base': None}
[0.246s] INFO:colcon.colcon_core.executor:Executing jobs using 'parallel' executor
[0.247s] DEBUG:colcon.colcon_parallel_executor.executor.parallel:run_until_complete
[0.247s] INFO:colcon.colcon_ros.task.ament_cmake.build:Building ROS package in '/home/pim0ubuntu/myrobot_ws/src/feetech_ros2_driver' with build type 'ament_cmake'
[0.247s] INFO:colcon.colcon_cmake.task.cmake.build:Building CMake package in '/home/pim0ubuntu/myrobot_ws/src/feetech_ros2_driver'
[0.249s] INFO:colcon.colcon_core.plugin_system:Skipping extension 'colcon_core.shell.bat': Not used on non-Windows systems
[0.250s] INFO:colcon.colcon_core.shell:Skip shell extension 'powershell' for command environment: Not usable outside of PowerShell
[0.250s] DEBUG:colcon.colcon_core.shell:Skip shell extension 'dsv' for command environment
[0.257s] INFO:colcon.colcon_ros.task.ament_python.build:Building ROS package in '/home/pim0ubuntu/myrobot_ws/src/myrobot' with build type 'ament_python'
[0.257s] Level 1:colcon.colcon_core.shell:create_environment_hook('myrobot', 'ament_prefix_path')
[0.257s] INFO:colcon.colcon_core.shell:Creating environment hook '/home/pim0ubuntu/myrobot_ws/install/myrobot/share/myrobot/hook/ament_prefix_path.ps1'
[0.258s] INFO:colcon.colcon_core.shell:Creating environment descriptor '/home/pim0ubuntu/myrobot_ws/install/myrobot/share/myrobot/hook/ament_prefix_path.dsv'
[0.259s] INFO:colcon.colcon_core.shell:Creating environment hook '/home/pim0ubuntu/myrobot_ws/install/myrobot/share/myrobot/hook/ament_prefix_path.sh'
[0.260s] INFO:colcon.colcon_core.shell:Skip shell extension 'powershell' for command environment: Not usable outside of PowerShell
[0.260s] DEBUG:colcon.colcon_core.shell:Skip shell extension 'dsv' for command environment
[0.271s] DEBUG:colcon.colcon_core.event_handler.log_command:Invoking command in '/home/pim0ubuntu/myrobot_ws/build/feetech_ros2_driver': CMAKE_PREFIX_PATH=${CMAKE_PREFIX_PATH}:/home/pim0ubuntu/myrobot_ws/install/myrobot:/home/pim0ubuntu/myrobot_ws/src/install/myrobot:/home/pim0ubuntu/ros2_ws/install/launch_testing_examples:/home/pim0ubuntu/ros2_ws/install/examples_rclpy_pointcloud_publisher:/home/pim0ubuntu/ros2_ws/install/examples_rclpy_minimal_subscriber:/home/pim0ubuntu/ros2_ws/install/examples_rclpy_minimal_service:/home/pim0ubuntu/ros2_ws/install/examples_rclpy_minimal_publisher:/home/pim0ubuntu/ros2_ws/install/examples_rclpy_minimal_client:/home/pim0ubuntu/ros2_ws/install/examples_rclpy_minimal_action_server:/home/pim0ubuntu/ros2_ws/install/examples_rclpy_minimal_action_client:/home/pim0ubuntu/ros2_ws/install/examples_rclpy_guard_conditions:/home/pim0ubuntu/ros2_ws/install/examples_rclpy_executors:/opt/ros/jazzy DEBUGINFOD_URLS=https://debuginfod.ubuntu.com /usr/bin/cmake --build /home/pim0ubuntu/myrobot_ws/build/feetech_ros2_driver -- -j4 -l4
[0.522s] INFO:colcon.colcon_core.task.python.build:Building Python package in '/home/pim0ubuntu/myrobot_ws/src/myrobot'
[0.523s] INFO:colcon.colcon_core.shell:Skip shell extension 'powershell' for command environment: Not usable outside of PowerShell
[0.523s] DEBUG:colcon.colcon_core.shell:Skip shell extension 'dsv' for command environment
[0.529s] DEBUG:colcon.colcon_core.event_handler.log_command:Invoked command in '/home/pim0ubuntu/myrobot_ws/build/feetech_ros2_driver' returned '0': CMAKE_PREFIX_PATH=${CMAKE_PREFIX_PATH}:/home/pim0ubuntu/myrobot_ws/install/myrobot:/home/pim0ubuntu/myrobot_ws/src/install/myrobot:/home/pim0ubuntu/ros2_ws/install/launch_testing_examples:/home/pim0ubuntu/ros2_ws/install/examples_rclpy_pointcloud_publisher:/home/pim0ubuntu/ros2_ws/install/examples_rclpy_minimal_subscriber:/home/pim0ubuntu/ros2_ws/install/examples_rclpy_minimal_service:/home/pim0ubuntu/ros2_ws/install/examples_rclpy_minimal_publisher:/home/pim0ubuntu/ros2_ws/install/examples_rclpy_minimal_client:/home/pim0ubuntu/ros2_ws/install/examples_rclpy_minimal_action_server:/home/pim0ubuntu/ros2_ws/install/examples_rclpy_minimal_action_client:/home/pim0ubuntu/ros2_ws/install/examples_rclpy_guard_conditions:/home/pim0ubuntu/ros2_ws/install/examples_rclpy_executors:/opt/ros/jazzy DEBUGINFOD_URLS=https://debuginfod.ubuntu.com /usr/bin/cmake --build /home/pim0ubuntu/myrobot_ws/build/feetech_ros2_driver -- -j4 -l4
[0.546s] DEBUG:colcon.colcon_core.event_handler.log_command:Invoking command in '/home/pim0ubuntu/myrobot_ws/build/feetech_ros2_driver': CMAKE_PREFIX_PATH=${CMAKE_PREFIX_PATH}:/home/pim0ubuntu/myrobot_ws/install/myrobot:/home/pim0ubuntu/myrobot_ws/src/install/myrobot:/home/pim0ubuntu/ros2_ws/install/launch_testing_examples:/home/pim0ubuntu/ros2_ws/install/examples_rclpy_pointcloud_publisher:/home/pim0ubuntu/ros2_ws/install/examples_rclpy_minimal_subscriber:/home/pim0ubuntu/ros2_ws/install/examples_rclpy_minimal_service:/home/pim0ubuntu/ros2_ws/install/examples_rclpy_minimal_publisher:/home/pim0ubuntu/ros2_ws/install/examples_rclpy_minimal_client:/home/pim0ubuntu/ros2_ws/install/examples_rclpy_minimal_action_server:/home/pim0ubuntu/ros2_ws/install/examples_rclpy_minimal_action_client:/home/pim0ubuntu/ros2_ws/install/examples_rclpy_guard_conditions:/home/pim0ubuntu/ros2_ws/install/examples_rclpy_executors:/opt/ros/jazzy DEBUGINFOD_URLS=https://debuginfod.ubuntu.com /usr/bin/cmake --install /home/pim0ubuntu/myrobot_ws/build/feetech_ros2_driver
[0.579s] Level 1:colcon.colcon_core.environment:create_environment_scripts_only(feetech_ros2_driver)
[0.581s] DEBUG:colcon.colcon_core.event_handler.log_command:Invoked command in '/home/pim0ubuntu/myrobot_ws/build/feetech_ros2_driver' returned '0': CMAKE_PREFIX_PATH=${CMAKE_PREFIX_PATH}:/home/pim0ubuntu/myrobot_ws/install/myrobot:/home/pim0ubuntu/myrobot_ws/src/install/myrobot:/home/pim0ubuntu/ros2_ws/install/launch_testing_examples:/home/pim0ubuntu/ros2_ws/install/examples_rclpy_pointcloud_publisher:/home/pim0ubuntu/ros2_ws/install/examples_rclpy_minimal_subscriber:/home/pim0ubuntu/ros2_ws/install/examples_rclpy_minimal_service:/home/pim0ubuntu/ros2_ws/install/examples_rclpy_minimal_publisher:/home/pim0ubuntu/ros2_ws/install/examples_rclpy_minimal_client:/home/pim0ubuntu/ros2_ws/install/examples_rclpy_minimal_action_server:/home/pim0ubuntu/ros2_ws/install/examples_rclpy_minimal_action_client:/home/pim0ubuntu/ros2_ws/install/examples_rclpy_guard_conditions:/home/pim0ubuntu/ros2_ws/install/examples_rclpy_executors:/opt/ros/jazzy DEBUGINFOD_URLS=https://debuginfod.ubuntu.com /usr/bin/cmake --install /home/pim0ubuntu/myrobot_ws/build/feetech_ros2_driver
[0.583s] Level 1:colcon.colcon_core.environment:checking '/home/pim0ubuntu/myrobot_ws/install/feetech_ros2_driver' for CMake module files
[0.584s] Level 1:colcon.colcon_core.environment:checking '/home/pim0ubuntu/myrobot_ws/install/feetech_ros2_driver' for CMake config files
[0.584s] Level 1:colcon.colcon_core.shell:create_environment_hook('feetech_ros2_driver', 'cmake_prefix_path')
[0.585s] INFO:colcon.colcon_core.shell:Creating environment hook '/home/pim0ubuntu/myrobot_ws/install/feetech_ros2_driver/share/feetech_ros2_driver/hook/cmake_prefix_path.ps1'
[0.585s] INFO:colcon.colcon_core.shell:Creating environment descriptor '/home/pim0ubuntu/myrobot_ws/install/feetech_ros2_driver/share/feetech_ros2_driver/hook/cmake_prefix_path.dsv'
[0.586s] INFO:colcon.colcon_core.shell:Creating environment hook '/home/pim0ubuntu/myrobot_ws/install/feetech_ros2_driver/share/feetech_ros2_driver/hook/cmake_prefix_path.sh'
[0.587s] Level 1:colcon.colcon_core.environment:checking '/home/pim0ubuntu/myrobot_ws/install/feetech_ros2_driver/lib'
[0.587s] Level 1:colcon.colcon_core.shell:create_environment_hook('feetech_ros2_driver', 'ld_library_path_lib')
[0.587s] INFO:colcon.colcon_core.shell:Creating environment hook '/home/pim0ubuntu/myrobot_ws/install/feetech_ros2_driver/share/feetech_ros2_driver/hook/ld_library_path_lib.ps1'
[0.588s] INFO:colcon.colcon_core.shell:Creating environment descriptor '/home/pim0ubuntu/myrobot_ws/install/feetech_ros2_driver/share/feetech_ros2_driver/hook/ld_library_path_lib.dsv'
[0.588s] INFO:colcon.colcon_core.shell:Creating environment hook '/home/pim0ubuntu/myrobot_ws/install/feetech_ros2_driver/share/feetech_ros2_driver/hook/ld_library_path_lib.sh'
[0.589s] Level 1:colcon.colcon_core.environment:checking '/home/pim0ubuntu/myrobot_ws/install/feetech_ros2_driver/bin'
[0.589s] Level 1:colcon.colcon_core.shell:create_environment_hook('feetech_ros2_driver', 'path')
[0.589s] INFO:colcon.colcon_core.shell:Creating environment hook '/home/pim0ubuntu/myrobot_ws/install/feetech_ros2_driver/share/feetech_ros2_driver/hook/path.ps1'
[0.589s] INFO:colcon.colcon_core.shell:Creating environment descriptor '/home/pim0ubuntu/myrobot_ws/install/feetech_ros2_driver/share/feetech_ros2_driver/hook/path.dsv'
[0.590s] INFO:colcon.colcon_core.shell:Creating environment hook '/home/pim0ubuntu/myrobot_ws/install/feetech_ros2_driver/share/feetech_ros2_driver/hook/path.sh'
[0.590s] Level 1:colcon.colcon_core.environment:checking '/home/pim0ubuntu/myrobot_ws/install/feetech_ros2_driver/lib/pkgconfig/feetech_ros2_driver.pc'
[0.590s] Level 1:colcon.colcon_core.environment:checking '/home/pim0ubuntu/myrobot_ws/install/feetech_ros2_driver/lib/python3.12/site-packages'
[0.591s] Level 1:colcon.colcon_core.environment:checking '/home/pim0ubuntu/myrobot_ws/install/feetech_ros2_driver/bin'
[0.591s] Level 1:colcon.colcon_core.shell:create_environment_hook('feetech_ros2_driver', 'pythonscriptspath')
[0.591s] INFO:colcon.colcon_core.shell:Creating environment hook '/home/pim0ubuntu/myrobot_ws/install/feetech_ros2_driver/share/feetech_ros2_driver/hook/pythonscriptspath.ps1'
[0.592s] INFO:colcon.colcon_core.shell:Creating environment descriptor '/home/pim0ubuntu/myrobot_ws/install/feetech_ros2_driver/share/feetech_ros2_driver/hook/pythonscriptspath.dsv'
[0.592s] INFO:colcon.colcon_core.shell:Creating environment hook '/home/pim0ubuntu/myrobot_ws/install/feetech_ros2_driver/share/feetech_ros2_driver/hook/pythonscriptspath.sh'
[0.593s] INFO:colcon.colcon_core.shell:Creating package script '/home/pim0ubuntu/myrobot_ws/install/feetech_ros2_driver/share/feetech_ros2_driver/package.ps1'
[0.593s] INFO:colcon.colcon_core.shell:Creating package descriptor '/home/pim0ubuntu/myrobot_ws/install/feetech_ros2_driver/share/feetech_ros2_driver/package.dsv'
[0.594s] INFO:colcon.colcon_core.shell:Creating package script '/home/pim0ubuntu/myrobot_ws/install/feetech_ros2_driver/share/feetech_ros2_driver/package.sh'
[0.595s] INFO:colcon.colcon_core.shell:Creating package script '/home/pim0ubuntu/myrobot_ws/install/feetech_ros2_driver/share/feetech_ros2_driver/package.bash'
[0.595s] INFO:colcon.colcon_core.shell:Creating package script '/home/pim0ubuntu/myrobot_ws/install/feetech_ros2_driver/share/feetech_ros2_driver/package.zsh'
[0.596s] Level 1:colcon.colcon_core.environment:create_file_with_runtime_dependencies(/home/pim0ubuntu/myrobot_ws/install/feetech_ros2_driver/share/colcon-core/packages/feetech_ros2_driver)
[0.597s] Level 1:colcon.colcon_core.environment:create_environment_scripts_only(feetech_ros2_driver)
[0.597s] Level 1:colcon.colcon_core.environment:checking '/home/pim0ubuntu/myrobot_ws/install/feetech_ros2_driver' for CMake module files
[0.597s] Level 1:colcon.colcon_core.environment:checking '/home/pim0ubuntu/myrobot_ws/install/feetech_ros2_driver' for CMake config files
[0.597s] Level 1:colcon.colcon_core.shell:create_environment_hook('feetech_ros2_driver', 'cmake_prefix_path')
[0.598s] INFO:colcon.colcon_core.shell:Creating environment hook '/home/pim0ubuntu/myrobot_ws/install/feetech_ros2_driver/share/feetech_ros2_driver/hook/cmake_prefix_path.ps1'
[0.598s] INFO:colcon.colcon_core.shell:Creating environment descriptor '/home/pim0ubuntu/myrobot_ws/install/feetech_ros2_driver/share/feetech_ros2_driver/hook/cmake_prefix_path.dsv'
[0.599s] INFO:colcon.colcon_core.shell:Creating environment hook '/home/pim0ubuntu/myrobot_ws/install/feetech_ros2_driver/share/feetech_ros2_driver/hook/cmake_prefix_path.sh'
[0.600s] Level 1:colcon.colcon_core.environment:checking '/home/pim0ubuntu/myrobot_ws/install/feetech_ros2_driver/lib'
[0.600s] Level 1:colcon.colcon_core.shell:create_environment_hook('feetech_ros2_driver', 'ld_library_path_lib')
[0.600s] INFO:colcon.colcon_core.shell:Creating environment hook '/home/pim0ubuntu/myrobot_ws/install/feetech_ros2_driver/share/feetech_ros2_driver/hook/ld_library_path_lib.ps1'
[0.602s] INFO:colcon.colcon_core.shell:Creating environment descriptor '/home/pim0ubuntu/myrobot_ws/install/feetech_ros2_driver/share/feetech_ros2_driver/hook/ld_library_path_lib.dsv'
[0.603s] INFO:colcon.colcon_core.shell:Creating environment hook '/home/pim0ubuntu/myrobot_ws/install/feetech_ros2_driver/share/feetech_ros2_driver/hook/ld_library_path_lib.sh'
[0.603s] Level 1:colcon.colcon_core.environment:checking '/home/pim0ubuntu/myrobot_ws/install/feetech_ros2_driver/bin'
[0.604s] Level 1:colcon.colcon_core.shell:create_environment_hook('feetech_ros2_driver', 'path')
[0.604s] INFO:colcon.colcon_core.shell:Creating environment hook '/home/pim0ubuntu/myrobot_ws/install/feetech_ros2_driver/share/feetech_ros2_driver/hook/path.ps1'
[0.605s] INFO:colcon.colcon_core.shell:Creating environment descriptor '/home/pim0ubuntu/myrobot_ws/install/feetech_ros2_driver/share/feetech_ros2_driver/hook/path.dsv'
[0.605s] INFO:colcon.colcon_core.shell:Creating environment hook '/home/pim0ubuntu/myrobot_ws/install/feetech_ros2_driver/share/feetech_ros2_driver/hook/path.sh'
[0.606s] Level 1:colcon.colcon_core.environment:checking '/home/pim0ubuntu/myrobot_ws/install/feetech_ros2_driver/lib/pkgconfig/feetech_ros2_driver.pc'
[0.606s] Level 1:colcon.colcon_core.environment:checking '/home/pim0ubuntu/myrobot_ws/install/feetech_ros2_driver/lib/python3.12/site-packages'
[0.606s] Level 1:colcon.colcon_core.environment:checking '/home/pim0ubuntu/myrobot_ws/install/feetech_ros2_driver/bin'
[0.606s] Level 1:colcon.colcon_core.shell:create_environment_hook('feetech_ros2_driver', 'pythonscriptspath')
[0.607s] INFO:colcon.colcon_core.shell:Creating environment hook '/home/pim0ubuntu/myrobot_ws/install/feetech_ros2_driver/share/feetech_ros2_driver/hook/pythonscriptspath.ps1'
[0.607s] INFO:colcon.colcon_core.shell:Creating environment descriptor '/home/pim0ubuntu/myrobot_ws/install/feetech_ros2_driver/share/feetech_ros2_driver/hook/pythonscriptspath.dsv'
[0.608s] INFO:colcon.colcon_core.shell:Creating environment hook '/home/pim0ubuntu/myrobot_ws/install/feetech_ros2_driver/share/feetech_ros2_driver/hook/pythonscriptspath.sh'
[0.609s] INFO:colcon.colcon_core.shell:Creating package script '/home/pim0ubuntu/myrobot_ws/install/feetech_ros2_driver/share/feetech_ros2_driver/package.ps1'
[0.610s] INFO:colcon.colcon_core.shell:Creating package descriptor '/home/pim0ubuntu/myrobot_ws/install/feetech_ros2_driver/share/feetech_ros2_driver/package.dsv'
[0.615s] INFO:colcon.colcon_core.shell:Creating package script '/home/pim0ubuntu/myrobot_ws/install/feetech_ros2_driver/share/feetech_ros2_driver/package.sh'
[0.615s] INFO:colcon.colcon_core.shell:Creating package script '/home/pim0ubuntu/myrobot_ws/install/feetech_ros2_driver/share/feetech_ros2_driver/package.bash'
[0.616s] INFO:colcon.colcon_core.shell:Creating package script '/home/pim0ubuntu/myrobot_ws/install/feetech_ros2_driver/share/feetech_ros2_driver/package.zsh'
[0.617s] Level 1:colcon.colcon_core.environment:create_file_with_runtime_dependencies(/home/pim0ubuntu/myrobot_ws/install/feetech_ros2_driver/share/colcon-core/packages/feetech_ros2_driver)
[1.199s] DEBUG:colcon.colcon_core.event_handler.log_command:Invoking command in '/home/pim0ubuntu/myrobot_ws/src/myrobot': DEBUGINFOD_URLS=https://debuginfod.ubuntu.com PYTHONPATH=/home/pim0ubuntu/myrobot_ws/build/myrobot/prefix_override:/usr/lib/python3/dist-packages/colcon_core/task/python/colcon_distutils_commands:/home/pim0ubuntu/myrobot_ws/install/myrobot/lib/python3.12/site-packages:${PYTHONPATH} /usr/bin/python3 -W ignore:setup.py install is deprecated -W ignore:easy_install command is deprecated setup.py egg_info --egg-base ../../build/myrobot build --build-base /home/pim0ubuntu/myrobot_ws/build/myrobot/build install --record /home/pim0ubuntu/myrobot_ws/build/myrobot/install.log --single-version-externally-managed install_data
[1.765s] Level 1:colcon.colcon_core.environment:checking '/home/pim0ubuntu/myrobot_ws/install/myrobot' for CMake module files
[1.765s] Level 1:colcon.colcon_core.environment:checking '/home/pim0ubuntu/myrobot_ws/install/myrobot' for CMake config files
[1.766s] DEBUG:colcon.colcon_core.event_handler.log_command:Invoked command in '/home/pim0ubuntu/myrobot_ws/src/myrobot' returned '0': DEBUGINFOD_URLS=https://debuginfod.ubuntu.com PYTHONPATH=/home/pim0ubuntu/myrobot_ws/build/myrobot/prefix_override:/usr/lib/python3/dist-packages/colcon_core/task/python/colcon_distutils_commands:/home/pim0ubuntu/myrobot_ws/install/myrobot/lib/python3.12/site-packages:${PYTHONPATH} /usr/bin/python3 -W ignore:setup.py install is deprecated -W ignore:easy_install command is deprecated setup.py egg_info --egg-base ../../build/myrobot build --build-base /home/pim0ubuntu/myrobot_ws/build/myrobot/build install --record /home/pim0ubuntu/myrobot_ws/build/myrobot/install.log --single-version-externally-managed install_data
[1.767s] Level 1:colcon.colcon_core.environment:checking '/home/pim0ubuntu/myrobot_ws/install/myrobot/lib'
[1.767s] Level 1:colcon.colcon_core.environment:checking '/home/pim0ubuntu/myrobot_ws/install/myrobot/bin'
[1.767s] Level 1:colcon.colcon_core.environment:checking '/home/pim0ubuntu/myrobot_ws/install/myrobot/lib/pkgconfig/myrobot.pc'
[1.767s] Level 1:colcon.colcon_core.environment:checking '/home/pim0ubuntu/myrobot_ws/install/myrobot/lib/python3.12/site-packages'
[1.768s] Level 1:colcon.colcon_core.shell:create_environment_hook('myrobot', 'pythonpath')
[1.768s] INFO:colcon.colcon_core.shell:Creating environment hook '/home/pim0ubuntu/myrobot_ws/install/myrobot/share/myrobot/hook/pythonpath.ps1'
[1.769s] INFO:colcon.colcon_core.shell:Creating environment descriptor '/home/pim0ubuntu/myrobot_ws/install/myrobot/share/myrobot/hook/pythonpath.dsv'
[1.769s] INFO:colcon.colcon_core.shell:Creating environment hook '/home/pim0ubuntu/myrobot_ws/install/myrobot/share/myrobot/hook/pythonpath.sh'
[1.770s] Level 1:colcon.colcon_core.environment:checking '/home/pim0ubuntu/myrobot_ws/install/myrobot/bin'
[1.770s] Level 1:colcon.colcon_core.environment:create_environment_scripts_only(myrobot)
[1.770s] INFO:colcon.colcon_core.shell:Creating package script '/home/pim0ubuntu/myrobot_ws/install/myrobot/share/myrobot/package.ps1'
[1.771s] INFO:colcon.colcon_core.shell:Creating package descriptor '/home/pim0ubuntu/myrobot_ws/install/myrobot/share/myrobot/package.dsv'
[1.771s] INFO:colcon.colcon_core.shell:Creating package script '/home/pim0ubuntu/myrobot_ws/install/myrobot/share/myrobot/package.sh'
[1.772s] INFO:colcon.colcon_core.shell:Creating package script '/home/pim0ubuntu/myrobot_ws/install/myrobot/share/myrobot/package.bash'
[1.772s] INFO:colcon.colcon_core.shell:Creating package script '/home/pim0ubuntu/myrobot_ws/install/myrobot/share/myrobot/package.zsh'
[1.773s] Level 1:colcon.colcon_core.environment:create_file_with_runtime_dependencies(/home/pim0ubuntu/myrobot_ws/install/myrobot/share/colcon-core/packages/myrobot)
[1.773s] DEBUG:colcon.colcon_parallel_executor.executor.parallel:closing loop
[1.774s] DEBUG:colcon.colcon_parallel_executor.executor.parallel:loop closed
[1.774s] DEBUG:colcon.colcon_parallel_executor.executor.parallel:run_until_complete finished with '0'
[1.774s] DEBUG:colcon.colcon_core.event_reactor:joining thread
[1.783s] INFO:colcon.colcon_core.plugin_system:Skipping extension 'colcon_notification.desktop_notification.terminal_notifier': Not used on non-Darwin systems
[1.783s] INFO:colcon.colcon_core.plugin_system:Skipping extension 'colcon_notification.desktop_notification.win32': Not used on non-Windows systems
[1.783s] INFO:colcon.colcon_notification.desktop_notification:Sending desktop notification using 'notify2'
[1.808s] DEBUG:colcon.colcon_core.event_reactor:joined thread
[1.809s] INFO:colcon.colcon_core.shell:Creating prefix script '/home/pim0ubuntu/myrobot_ws/install/local_setup.ps1'
[1.810s] INFO:colcon.colcon_core.shell:Creating prefix util module '/home/pim0ubuntu/myrobot_ws/install/_local_setup_util_ps1.py'
[1.811s] INFO:colcon.colcon_core.shell:Creating prefix chain script '/home/pim0ubuntu/myrobot_ws/install/setup.ps1'
[1.812s] INFO:colcon.colcon_core.shell:Creating prefix script '/home/pim0ubuntu/myrobot_ws/install/local_setup.sh'
[1.813s] INFO:colcon.colcon_core.shell:Creating prefix util module '/home/pim0ubuntu/myrobot_ws/install/_local_setup_util_sh.py'
[1.813s] INFO:colcon.colcon_core.shell:Creating prefix chain script '/home/pim0ubuntu/myrobot_ws/install/setup.sh'
[1.816s] INFO:colcon.colcon_core.shell:Creating prefix script '/home/pim0ubuntu/myrobot_ws/install/local_setup.bash'
[1.816s] INFO:colcon.colcon_core.shell:Creating prefix chain script '/home/pim0ubuntu/myrobot_ws/install/setup.bash'
[1.818s] INFO:colcon.colcon_core.shell:Creating prefix script '/home/pim0ubuntu/myrobot_ws/install/local_setup.zsh'
[1.818s] INFO:colcon.colcon_core.shell:Creating prefix chain script '/home/pim0ubuntu/myrobot_ws/install/setup.zsh'
