[0.845s] Invoking command in '/home/pim0ubuntu/myrobot_ws/src/myrobot': DEBUGINFOD_URLS=https://debuginfod.ubuntu.com PYTHONPATH=/home/pim0ubuntu/myrobot_ws/build/myrobot/prefix_override:/usr/lib/python3/dist-packages/colcon_core/task/python/colcon_distutils_commands:/home/pim0ubuntu/myrobot_ws/install/myrobot/lib/python3.12/site-packages:${PYTHONPATH} /usr/bin/python3 -W ignore:setup.py install is deprecated -W ignore:easy_install command is deprecated setup.py egg_info --egg-base ../../build/myrobot build --build-base /home/pim0ubuntu/myrobot_ws/build/myrobot/build install --record /home/pim0ubuntu/myrobot_ws/build/myrobot/install.log --single-version-externally-managed install_data
[1.103s] running egg_info
[1.120s] writing ../../build/myrobot/myrobot.egg-info/PKG-INFO
[1.120s] writing dependency_links to ../../build/myrobot/myrobot.egg-info/dependency_links.txt
[1.120s] writing entry points to ../../build/myrobot/myrobot.egg-info/entry_points.txt
[1.121s] writing requirements to ../../build/myrobot/myrobot.egg-info/requires.txt
[1.121s] writing top-level names to ../../build/myrobot/myrobot.egg-info/top_level.txt
[1.158s] reading manifest file '../../build/myrobot/myrobot.egg-info/SOURCES.txt'
[1.158s] writing manifest file '../../build/myrobot/myrobot.egg-info/SOURCES.txt'
[1.159s] running build
[1.159s] running build_py
[1.159s] copying myrobot/send_move.py -> /home/pim0ubuntu/myrobot_ws/build/myrobot/build/lib/myrobot
[1.159s] copying feetech_tuna/feetech_tuna/feetech_tuna.py -> /home/pim0ubuntu/myrobot_ws/build/myrobot/build/lib/feetech_tuna/feetech_tuna
[1.160s] running install
[1.166s] running install_lib
[1.185s] copying /home/pim0ubuntu/myrobot_ws/build/myrobot/build/lib/feetech_tuna/feetech_tuna/feetech_tuna.py -> /home/pim0ubuntu/myrobot_ws/install/myrobot/lib/python3.12/site-packages/feetech_tuna/feetech_tuna
[1.185s] copying /home/pim0ubuntu/myrobot_ws/build/myrobot/build/lib/myrobot/send_move.py -> /home/pim0ubuntu/myrobot_ws/install/myrobot/lib/python3.12/site-packages/myrobot
[1.186s] byte-compiling /home/pim0ubuntu/myrobot_ws/install/myrobot/lib/python3.12/site-packages/feetech_tuna/feetech_tuna/feetech_tuna.py to feetech_tuna.cpython-312.pyc
[1.188s] byte-compiling /home/pim0ubuntu/myrobot_ws/install/myrobot/lib/python3.12/site-packages/myrobot/send_move.py to send_move.cpython-312.pyc
[1.190s] running install_data
[1.190s] running install_egg_info
[1.211s] removing '/home/pim0ubuntu/myrobot_ws/install/myrobot/lib/python3.12/site-packages/myrobot-0.0.0-py3.12.egg-info' (and everything under it)
[1.214s] Copying ../../build/myrobot/myrobot.egg-info to /home/pim0ubuntu/myrobot_ws/install/myrobot/lib/python3.12/site-packages/myrobot-0.0.0-py3.12.egg-info
[1.214s] running install_scripts
[1.341s] Installing send_move script to /home/pim0ubuntu/myrobot_ws/install/myrobot/lib/myrobot
[1.341s] Installing state_publisher script to /home/pim0ubuntu/myrobot_ws/install/myrobot/lib/myrobot
[1.343s] writing list of installed files to '/home/pim0ubuntu/myrobot_ws/build/myrobot/install.log'
[1.384s] Invoked command in '/home/pim0ubuntu/myrobot_ws/src/myrobot' returned '0': DEBUGINFOD_URLS=https://debuginfod.ubuntu.com PYTHONPATH=/home/pim0ubuntu/myrobot_ws/build/myrobot/prefix_override:/usr/lib/python3/dist-packages/colcon_core/task/python/colcon_distutils_commands:/home/pim0ubuntu/myrobot_ws/install/myrobot/lib/python3.12/site-packages:${PYTHONPATH} /usr/bin/python3 -W ignore:setup.py install is deprecated -W ignore:easy_install command is deprecated setup.py egg_info --egg-base ../../build/myrobot build --build-base /home/pim0ubuntu/myrobot_ws/build/myrobot/build install --record /home/pim0ubuntu/myrobot_ws/build/myrobot/install.log --single-version-externally-managed install_data
