[0.778s] Invoking command in '/home/pim0ubuntu/myrobot_ws/src/myrobot': DEBUGINFOD_URLS=https://debuginfod.ubuntu.com PYTHONPATH=/home/pim0ubuntu/myrobot_ws/build/myrobot/prefix_override:/usr/lib/python3/dist-packages/colcon_core/task/python/colcon_distutils_commands:/home/pim0ubuntu/myrobot_ws/install/myrobot/lib/python3.12/site-packages:${PYTHONPATH} /usr/bin/python3 -W ignore:setup.py install is deprecated -W ignore:easy_install command is deprecated setup.py egg_info --egg-base ../../build/myrobot build --build-base /home/pim0ubuntu/myrobot_ws/build/myrobot/build install --record /home/pim0ubuntu/myrobot_ws/build/myrobot/install.log --single-version-externally-managed install_data
[1.017s] running egg_info
[1.035s] writing ../../build/myrobot/myrobot.egg-info/PKG-INFO
[1.035s] writing dependency_links to ../../build/myrobot/myrobot.egg-info/dependency_links.txt
[1.035s] writing entry points to ../../build/myrobot/myrobot.egg-info/entry_points.txt
[1.036s] writing requirements to ../../build/myrobot/myrobot.egg-info/requires.txt
[1.036s] writing top-level names to ../../build/myrobot/myrobot.egg-info/top_level.txt
[1.071s] reading manifest file '../../build/myrobot/myrobot.egg-info/SOURCES.txt'
[1.072s] writing manifest file '../../build/myrobot/myrobot.egg-info/SOURCES.txt'
[1.073s] running build
[1.073s] running build_py
[1.073s] copying myrobot/Right_Elbow_Angle_v2.py -> /home/pim0ubuntu/myrobot_ws/build/myrobot/build/lib/myrobot
[1.074s] running install
[1.079s] running install_lib
[1.098s] copying /home/pim0ubuntu/myrobot_ws/build/myrobot/build/lib/myrobot/Right_Elbow_Angle_v2.py -> /home/pim0ubuntu/myrobot_ws/install/myrobot/lib/python3.12/site-packages/myrobot
[1.099s] byte-compiling /home/pim0ubuntu/myrobot_ws/install/myrobot/lib/python3.12/site-packages/myrobot/Right_Elbow_Angle_v2.py to Right_Elbow_Angle_v2.cpython-312.pyc
[1.100s] running install_data
[1.101s] running install_egg_info
[1.119s] removing '/home/pim0ubuntu/myrobot_ws/install/myrobot/lib/python3.12/site-packages/myrobot-0.0.0-py3.12.egg-info' (and everything under it)
[1.123s] Copying ../../build/myrobot/myrobot.egg-info to /home/pim0ubuntu/myrobot_ws/install/myrobot/lib/python3.12/site-packages/myrobot-0.0.0-py3.12.egg-info
[1.123s] running install_scripts
[1.241s] Installing cam_input script to /home/pim0ubuntu/myrobot_ws/install/myrobot/lib/myrobot
[1.241s] Installing monitor_ui script to /home/pim0ubuntu/myrobot_ws/install/myrobot/lib/myrobot
[1.242s] Installing send_move script to /home/pim0ubuntu/myrobot_ws/install/myrobot/lib/myrobot
[1.242s] Installing state_publisher script to /home/pim0ubuntu/myrobot_ws/install/myrobot/lib/myrobot
[1.242s] writing list of installed files to '/home/pim0ubuntu/myrobot_ws/build/myrobot/install.log'
[1.275s] Invoked command in '/home/pim0ubuntu/myrobot_ws/src/myrobot' returned '0': DEBUGINFOD_URLS=https://debuginfod.ubuntu.com PYTHONPATH=/home/pim0ubuntu/myrobot_ws/build/myrobot/prefix_override:/usr/lib/python3/dist-packages/colcon_core/task/python/colcon_distutils_commands:/home/pim0ubuntu/myrobot_ws/install/myrobot/lib/python3.12/site-packages:${PYTHONPATH} /usr/bin/python3 -W ignore:setup.py install is deprecated -W ignore:easy_install command is deprecated setup.py egg_info --egg-base ../../build/myrobot build --build-base /home/pim0ubuntu/myrobot_ws/build/myrobot/build install --record /home/pim0ubuntu/myrobot_ws/build/myrobot/install.log --single-version-externally-managed install_data
