[1.014s] Invoking command in '/home/pim0ubuntu/myrobot_ws/src/myrobot': DEBUGINFOD_URLS=https://debuginfod.ubuntu.com PYTHONPATH=/home/pim0ubuntu/myrobot_ws/build/myrobot/prefix_override:/usr/lib/python3/dist-packages/colcon_core/task/python/colcon_distutils_commands:/home/pim0ubuntu/myrobot_ws/install/myrobot/lib/python3.12/site-packages:${PYTHONPATH} /usr/bin/python3 -W ignore:setup.py install is deprecated -W ignore:easy_install command is deprecated setup.py egg_info --egg-base ../../build/myrobot build --build-base /home/pim0ubuntu/myrobot_ws/build/myrobot/build install --record /home/pim0ubuntu/myrobot_ws/build/myrobot/install.log --single-version-externally-managed install_data
[1.282s] running egg_info
[1.300s] writing ../../build/myrobot/myrobot.egg-info/PKG-INFO
[1.300s] writing dependency_links to ../../build/myrobot/myrobot.egg-info/dependency_links.txt
[1.300s] writing entry points to ../../build/myrobot/myrobot.egg-info/entry_points.txt
[1.301s] writing requirements to ../../build/myrobot/myrobot.egg-info/requires.txt
[1.301s] writing top-level names to ../../build/myrobot/myrobot.egg-info/top_level.txt
[1.342s] reading manifest file '../../build/myrobot/myrobot.egg-info/SOURCES.txt'
[1.343s] writing manifest file '../../build/myrobot/myrobot.egg-info/SOURCES.txt'
[1.344s] running build
[1.344s] running build_py
[1.346s] running install
[1.352s] running install_lib
[1.371s] running install_data
[1.371s] copying config/traj.yaml -> /home/pim0ubuntu/myrobot_ws/install/myrobot/share/myrobot/config
[1.371s] running install_egg_info
[1.391s] removing '/home/pim0ubuntu/myrobot_ws/install/myrobot/lib/python3.12/site-packages/myrobot-0.0.0-py3.12.egg-info' (and everything under it)
[1.396s] Copying ../../build/myrobot/myrobot.egg-info to /home/pim0ubuntu/myrobot_ws/install/myrobot/lib/python3.12/site-packages/myrobot-0.0.0-py3.12.egg-info
[1.396s] running install_scripts
[1.544s] Installing send_move script to /home/pim0ubuntu/myrobot_ws/install/myrobot/lib/myrobot
[1.545s] Installing state_publisher script to /home/pim0ubuntu/myrobot_ws/install/myrobot/lib/myrobot
[1.545s] writing list of installed files to '/home/pim0ubuntu/myrobot_ws/build/myrobot/install.log'
[1.595s] Invoked command in '/home/pim0ubuntu/myrobot_ws/src/myrobot' returned '0': DEBUGINFOD_URLS=https://debuginfod.ubuntu.com PYTHONPATH=/home/pim0ubuntu/myrobot_ws/build/myrobot/prefix_override:/usr/lib/python3/dist-packages/colcon_core/task/python/colcon_distutils_commands:/home/pim0ubuntu/myrobot_ws/install/myrobot/lib/python3.12/site-packages:${PYTHONPATH} /usr/bin/python3 -W ignore:setup.py install is deprecated -W ignore:easy_install command is deprecated setup.py egg_info --egg-base ../../build/myrobot build --build-base /home/pim0ubuntu/myrobot_ws/build/myrobot/build install --record /home/pim0ubuntu/myrobot_ws/build/myrobot/install.log --single-version-externally-managed install_data
